mysqldump --single-transaction --quick --lock-tables=false -u _0b91b3d2fb86d229 -p0kJuc0B2EwN6f1Tl _0b91b3d2fb86d229 -h 127.0.0.1 -P 3306   | /usr/bin/gzip >> ./drabiz.net/private/backups/20211129_150002-drabiz_net-database.sql.gz

Backup Summary for drabiz.net at 2021-11-29 15:00:04.573931
Config  : ./drabiz.net/private/backups/20211129_150002-drabiz_net-site_config_backup.json 179.0B
Database: ./drabiz.net/private/backups/20211129_150002-drabiz_net-database.sql.gz         1.3MiB
Backup for Site drabiz.net has been successfully completed
mysqldump --single-transaction --quick --lock-tables=false -u _0b91b3d2fb86d229 -p0kJuc0B2EwN6f1Tl _0b91b3d2fb86d229 -h 127.0.0.1 -P 3306   | /usr/bin/gzip >> ./drabiz.net/private/backups/20211129_210002-drabiz_net-database.sql.gz

Backup Summary for drabiz.net at 2021-11-29 21:00:04.790874
Config  : ./drabiz.net/private/backups/20211129_210002-drabiz_net-site_config_backup.json 246.0B
Database: ./drabiz.net/private/backups/20211129_210002-drabiz_net-database.sql.gz         1.3MiB
Backup for Site drabiz.net has been successfully completed
mysqldump --single-transaction --quick --lock-tables=false -u _0b91b3d2fb86d229 -p0kJuc0B2EwN6f1Tl _0b91b3d2fb86d229 -h 127.0.0.1 -P 3306   | /usr/bin/gzip >> ./drabiz.net/private/backups/20211130_030002-drabiz_net-database.sql.gz

Backup Summary for drabiz.net at 2021-11-30 03:00:05.224826
Config  : ./drabiz.net/private/backups/20211130_030002-drabiz_net-site_config_backup.json 246.0B
Database: ./drabiz.net/private/backups/20211130_030002-drabiz_net-database.sql.gz         1.3MiB
Backup for Site drabiz.net has been successfully completed
mysqldump --single-transaction --quick --lock-tables=false -u _0b91b3d2fb86d229 -p0kJuc0B2EwN6f1Tl _0b91b3d2fb86d229 -h 127.0.0.1 -P 3306   | /usr/bin/gzip >> ./drabiz.net/private/backups/20211130_090002-drabiz_net-database.sql.gz

Backup Summary for drabiz.net at 2021-11-30 09:00:05.479205
Config  : ./drabiz.net/private/backups/20211130_090002-drabiz_net-site_config_backup.json 246.0B
Database: ./drabiz.net/private/backups/20211130_090002-drabiz_net-database.sql.gz         1.3MiB
Backup for Site drabiz.net has been successfully completed
mysqldump --single-transaction --quick --lock-tables=false -u _0b91b3d2fb86d229 -p0kJuc0B2EwN6f1Tl _0b91b3d2fb86d229 -h 127.0.0.1 -P 3306   | /usr/bin/gzip >> ./drabiz.net/private/backups/20211130_150002-drabiz_net-database.sql.gz

Backup Summary for drabiz.net at 2021-11-30 15:00:05.371766
Config  : ./drabiz.net/private/backups/20211130_150002-drabiz_net-site_config_backup.json 246.0B
Database: ./drabiz.net/private/backups/20211130_150002-drabiz_net-database.sql.gz         1.3MiB
Backup for Site drabiz.net has been successfully completed
mysqldump --single-transaction --quick --lock-tables=false -u _0b91b3d2fb86d229 -p0kJuc0B2EwN6f1Tl _0b91b3d2fb86d229 -h 127.0.0.1 -P 3306   | /usr/bin/gzip >> ./drabiz.net/private/backups/20211130_210002-drabiz_net-database.sql.gz

Backup Summary for drabiz.net at 2021-11-30 21:00:05.613149
Config  : ./drabiz.net/private/backups/20211130_210002-drabiz_net-site_config_backup.json 246.0B
Database: ./drabiz.net/private/backups/20211130_210002-drabiz_net-database.sql.gz         1.4MiB
Backup for Site drabiz.net has been successfully completed
mysqldump --single-transaction --quick --lock-tables=false -u _0b91b3d2fb86d229 -p0kJuc0B2EwN6f1Tl _0b91b3d2fb86d229 -h 127.0.0.1 -P 3306   | /usr/bin/gzip >> ./drabiz.net/private/backups/20211201_030002-drabiz_net-database.sql.gz

Backup Summary for drabiz.net at 2021-12-01 03:00:04.998121
Config  : ./drabiz.net/private/backups/20211201_030002-drabiz_net-site_config_backup.json 246.0B
Database: ./drabiz.net/private/backups/20211201_030002-drabiz_net-database.sql.gz         1.4MiB
Backup for Site drabiz.net has been successfully completed
mysqldump --single-transaction --quick --lock-tables=false -u _0b91b3d2fb86d229 -p0kJuc0B2EwN6f1Tl _0b91b3d2fb86d229 -h 127.0.0.1 -P 3306   | /usr/bin/gzip >> ./drabiz.net/private/backups/20211201_090003-drabiz_net-database.sql.gz

Backup Summary for drabiz.net at 2021-12-01 09:00:06.877888
Config  : ./drabiz.net/private/backups/20211201_090003-drabiz_net-site_config_backup.json 246.0B
Database: ./drabiz.net/private/backups/20211201_090003-drabiz_net-database.sql.gz         1.4MiB
Backup for Site drabiz.net has been successfully completed
mysqldump --single-transaction --quick --lock-tables=false -u _0b91b3d2fb86d229 -p0kJuc0B2EwN6f1Tl _0b91b3d2fb86d229 -h 127.0.0.1 -P 3306   | /usr/bin/gzip >> ./drabiz.net/private/backups/20211201_150002-drabiz_net-database.sql.gz

Backup Summary for drabiz.net at 2021-12-01 15:00:06.252859
Config  : ./drabiz.net/private/backups/20211201_150002-drabiz_net-site_config_backup.json 246.0B
Database: ./drabiz.net/private/backups/20211201_150002-drabiz_net-database.sql.gz         1.4MiB
Backup for Site drabiz.net has been successfully completed
mysqldump --single-transaction --quick --lock-tables=false -u _0b91b3d2fb86d229 -p0kJuc0B2EwN6f1Tl _0b91b3d2fb86d229 -h 127.0.0.1 -P 3306   | /usr/bin/gzip >> ./drabiz.net/private/backups/20211201_210002-drabiz_net-database.sql.gz

Backup Summary for drabiz.net at 2021-12-01 21:00:05.373753
Config  : ./drabiz.net/private/backups/20211201_210002-drabiz_net-site_config_backup.json 246.0B
Database: ./drabiz.net/private/backups/20211201_210002-drabiz_net-database.sql.gz         1.4MiB
Backup for Site drabiz.net has been successfully completed
mysqldump --single-transaction --quick --lock-tables=false -u _0b91b3d2fb86d229 -p0kJuc0B2EwN6f1Tl _0b91b3d2fb86d229 -h 127.0.0.1 -P 3306   | /usr/bin/gzip >> ./drabiz.net/private/backups/20211202_030002-drabiz_net-database.sql.gz

Backup Summary for drabiz.net at 2021-12-02 03:00:06.325658
Config  : ./drabiz.net/private/backups/20211202_030002-drabiz_net-site_config_backup.json 246.0B
Database: ./drabiz.net/private/backups/20211202_030002-drabiz_net-database.sql.gz         1.5MiB
Backup for Site drabiz.net has been successfully completed
mysqldump --single-transaction --quick --lock-tables=false -u _0b91b3d2fb86d229 -p0kJuc0B2EwN6f1Tl _0b91b3d2fb86d229 -h 127.0.0.1 -P 3306   | /usr/bin/gzip >> ./drabiz.net/private/backups/20211202_090002-drabiz_net-database.sql.gz

Backup Summary for drabiz.net at 2021-12-02 09:00:07.237097
Config  : ./drabiz.net/private/backups/20211202_090002-drabiz_net-site_config_backup.json 246.0B
Database: ./drabiz.net/private/backups/20211202_090002-drabiz_net-database.sql.gz         1.5MiB
Backup for Site drabiz.net has been successfully completed
Usage: bench [OPTIONS] COMMAND [ARGS]...
Try "bench --help" for help.

Error: no such option: --site
Usage: bench [OPTIONS] COMMAND [ARGS]...
Try "bench --help" for help.

Error: no such option: --site
Usage: bench [OPTIONS] COMMAND [ARGS]...
Try "bench --help" for help.

Error: no such option: --site
Usage: bench [OPTIONS] COMMAND [ARGS]...
Try "bench --help" for help.

Error: no such option: --site
Usage: bench [OPTIONS] COMMAND [ARGS]...
Try "bench --help" for help.

Error: no such option: --site
Usage: bench [OPTIONS] COMMAND [ARGS]...
Try "bench --help" for help.

Error: no such option: --site
Usage: bench [OPTIONS] COMMAND [ARGS]...
Try "bench --help" for help.

Error: no such option: --site
Usage: bench [OPTIONS] COMMAND [ARGS]...
Try "bench --help" for help.

Error: no such option: --site
Usage: bench [OPTIONS] COMMAND [ARGS]...
Try "bench --help" for help.

Error: no such option: --site
Usage: bench [OPTIONS] COMMAND [ARGS]...
Try "bench --help" for help.

Error: no such option: --site
Usage: bench [OPTIONS] COMMAND [ARGS]...
Try "bench --help" for help.

Error: no such option: --site
Usage: bench [OPTIONS] COMMAND [ARGS]...
Try "bench --help" for help.

Error: no such option: --site
Usage: bench [OPTIONS] COMMAND [ARGS]...
Try "bench --help" for help.

Error: no such option: --site
Usage: bench [OPTIONS] COMMAND [ARGS]...
Try "bench --help" for help.

Error: no such option: --site
Usage: bench [OPTIONS] COMMAND [ARGS]...
Try "bench --help" for help.

Error: no such option: --site
Usage: bench [OPTIONS] COMMAND [ARGS]...
Try "bench --help" for help.

Error: no such option: --site
Usage: bench [OPTIONS] COMMAND [ARGS]...
Try "bench --help" for help.

Error: no such option: --site
Usage: bench [OPTIONS] COMMAND [ARGS]...
Try "bench --help" for help.

Error: no such option: --site
Usage: bench [OPTIONS] COMMAND [ARGS]...
Try "bench --help" for help.

Error: no such option: --site
Usage: bench [OPTIONS] COMMAND [ARGS]...
Try "bench --help" for help.

Error: no such option: --site
Usage: bench [OPTIONS] COMMAND [ARGS]...
Try "bench --help" for help.

Error: no such option: --site
Usage: bench [OPTIONS] COMMAND [ARGS]...
Try "bench --help" for help.

Error: no such option: --site
Usage: bench [OPTIONS] COMMAND [ARGS]...
Try "bench --help" for help.

Error: no such option: --site
Usage: bench [OPTIONS] COMMAND [ARGS]...
Try "bench --help" for help.

Error: no such option: --site
Usage: bench [OPTIONS] COMMAND [ARGS]...
Try "bench --help" for help.

Error: no such option: --site
Usage: bench [OPTIONS] COMMAND [ARGS]...
Try "bench --help" for help.

Error: no such option: --site
Usage: bench [OPTIONS] COMMAND [ARGS]...
Try "bench --help" for help.

Error: no such option: --site
Usage: bench [OPTIONS] COMMAND [ARGS]...
Try "bench --help" for help.

Error: no such option: --site
Usage: bench [OPTIONS] COMMAND [ARGS]...
Try "bench --help" for help.

Error: no such option: --site
Usage: bench [OPTIONS] COMMAND [ARGS]...
Try "bench --help" for help.

Error: no such option: --site
Usage: bench [OPTIONS] COMMAND [ARGS]...
Try "bench --help" for help.

Error: no such option: --site
Usage: bench [OPTIONS] COMMAND [ARGS]...
Try "bench --help" for help.

Error: no such option: --site
Usage: bench [OPTIONS] COMMAND [ARGS]...
Try "bench --help" for help.

Error: no such option: --site
Usage: bench [OPTIONS] COMMAND [ARGS]...
Try "bench --help" for help.

Error: no such option: --site
Usage: bench [OPTIONS] COMMAND [ARGS]...
Try "bench --help" for help.

Error: no such option: --site
Usage: bench [OPTIONS] COMMAND [ARGS]...
Try "bench --help" for help.

Error: no such option: --site
Usage: bench [OPTIONS] COMMAND [ARGS]...
Try "bench --help" for help.

Error: no such option: --site
Usage: bench [OPTIONS] COMMAND [ARGS]...
Try "bench --help" for help.

Error: no such option: --site
Usage: bench [OPTIONS] COMMAND [ARGS]...
Try "bench --help" for help.

Error: no such option: --site
Usage: bench [OPTIONS] COMMAND [ARGS]...
Try "bench --help" for help.

Error: no such option: --site
Usage: bench [OPTIONS] COMMAND [ARGS]...
Try "bench --help" for help.

Error: no such option: --site
Usage: bench [OPTIONS] COMMAND [ARGS]...
Try "bench --help" for help.

Error: no such option: --site
Usage: bench [OPTIONS] COMMAND [ARGS]...
Try "bench --help" for help.

Error: no such option: --site
Usage: bench [OPTIONS] COMMAND [ARGS]...
Try "bench --help" for help.

Error: no such option: --site
Usage: bench [OPTIONS] COMMAND [ARGS]...
Try "bench --help" for help.

Error: no such option: --site
Usage: bench [OPTIONS] COMMAND [ARGS]...
Try "bench --help" for help.

Error: no such option: --site
Usage: bench [OPTIONS] COMMAND [ARGS]...
Try "bench --help" for help.

Error: no such option: --site
Usage: bench [OPTIONS] COMMAND [ARGS]...
Try "bench --help" for help.

Error: no such option: --site
Usage: bench [OPTIONS] COMMAND [ARGS]...
Try "bench --help" for help.

Error: no such option: --site
Usage: bench [OPTIONS] COMMAND [ARGS]...
Try "bench --help" for help.

Error: no such option: --site
Usage: bench [OPTIONS] COMMAND [ARGS]...
Try "bench --help" for help.

Error: no such option: --site
Usage: bench [OPTIONS] COMMAND [ARGS]...
Try "bench --help" for help.

Error: no such option: --site
Usage: bench [OPTIONS] COMMAND [ARGS]...
Try "bench --help" for help.

Error: no such option: --site
Usage: bench [OPTIONS] COMMAND [ARGS]...
Try "bench --help" for help.

Error: no such option: --site
Usage: bench [OPTIONS] COMMAND [ARGS]...
Try "bench --help" for help.

Error: no such option: --site
Usage: bench [OPTIONS] COMMAND [ARGS]...
Try "bench --help" for help.

Error: no such option: --site
Usage: bench [OPTIONS] COMMAND [ARGS]...
Try "bench --help" for help.

Error: no such option: --site
Usage: bench [OPTIONS] COMMAND [ARGS]...
Try "bench --help" for help.

Error: no such option: --site
Usage: bench [OPTIONS] COMMAND [ARGS]...
Try "bench --help" for help.

Error: no such option: --site
Usage: bench [OPTIONS] COMMAND [ARGS]...
Try "bench --help" for help.

Error: no such option: --site
Usage: bench [OPTIONS] COMMAND [ARGS]...
Try "bench --help" for help.

Error: no such option: --site
Usage: bench [OPTIONS] COMMAND [ARGS]...
Try "bench --help" for help.

Error: no such option: --site
Usage: bench [OPTIONS] COMMAND [ARGS]...
Try "bench --help" for help.

Error: no such option: --site
Usage: bench [OPTIONS] COMMAND [ARGS]...
Try "bench --help" for help.

Error: no such option: --site
Usage: bench [OPTIONS] COMMAND [ARGS]...
Try "bench --help" for help.

Error: no such option: --site
Usage: bench [OPTIONS] COMMAND [ARGS]...
Try "bench --help" for help.

Error: no such option: --site
Usage: bench [OPTIONS] COMMAND [ARGS]...
Try "bench --help" for help.

Error: no such option: --site
Usage: bench [OPTIONS] COMMAND [ARGS]...
Try "bench --help" for help.

Error: no such option: --site
Usage: bench [OPTIONS] COMMAND [ARGS]...
Try "bench --help" for help.

Error: no such option: --site
Usage: bench [OPTIONS] COMMAND [ARGS]...
Try "bench --help" for help.

Error: no such option: --site
Usage: bench [OPTIONS] COMMAND [ARGS]...
Try "bench --help" for help.

Error: no such option: --site
Usage: bench [OPTIONS] COMMAND [ARGS]...
Try "bench --help" for help.

Error: no such option: --site
Usage: bench [OPTIONS] COMMAND [ARGS]...
Try "bench --help" for help.

Error: no such option: --site
Usage: bench [OPTIONS] COMMAND [ARGS]...
Try "bench --help" for help.

Error: no such option: --site
Usage: bench [OPTIONS] COMMAND [ARGS]...
Try "bench --help" for help.

Error: no such option: --site
Usage: bench [OPTIONS] COMMAND [ARGS]...
Try "bench --help" for help.

Error: no such option: --site
Usage: bench [OPTIONS] COMMAND [ARGS]...
Try "bench --help" for help.

Error: no such option: --site
Usage: bench [OPTIONS] COMMAND [ARGS]...
Try "bench --help" for help.

Error: no such option: --site
Usage: bench [OPTIONS] COMMAND [ARGS]...
Try "bench --help" for help.

Error: no such option: --site
Usage: bench [OPTIONS] COMMAND [ARGS]...
Try "bench --help" for help.

Error: no such option: --site
Usage: bench [OPTIONS] COMMAND [ARGS]...
Try "bench --help" for help.

Error: no such option: --site
Usage: bench [OPTIONS] COMMAND [ARGS]...
Try "bench --help" for help.

Error: no such option: --site
Usage: bench [OPTIONS] COMMAND [ARGS]...
Try "bench --help" for help.

Error: no such option: --site
Usage: bench [OPTIONS] COMMAND [ARGS]...
Try "bench --help" for help.

Error: no such option: --site
Usage: bench [OPTIONS] COMMAND [ARGS]...
Try "bench --help" for help.

Error: no such option: --site
Usage: bench [OPTIONS] COMMAND [ARGS]...
Try "bench --help" for help.

Error: no such option: --site
Usage: bench [OPTIONS] COMMAND [ARGS]...
Try "bench --help" for help.

Error: no such option: --site
Usage: bench [OPTIONS] COMMAND [ARGS]...
Try "bench --help" for help.

Error: no such option: --site
Usage: bench [OPTIONS] COMMAND [ARGS]...
Try "bench --help" for help.

Error: no such option: --site
Usage: bench [OPTIONS] COMMAND [ARGS]...
Try "bench --help" for help.

Error: no such option: --site
Usage: bench [OPTIONS] COMMAND [ARGS]...
Try "bench --help" for help.

Error: no such option: --site
Usage: bench [OPTIONS] COMMAND [ARGS]...
Try "bench --help" for help.

Error: no such option: --site
Usage: bench [OPTIONS] COMMAND [ARGS]...
Try "bench --help" for help.

Error: no such option: --site
Usage: bench [OPTIONS] COMMAND [ARGS]...
Try "bench --help" for help.

Error: no such option: --site
Usage: bench [OPTIONS] COMMAND [ARGS]...
Try "bench --help" for help.

Error: no such option: --site
Usage: bench [OPTIONS] COMMAND [ARGS]...
Try "bench --help" for help.

Error: no such option: --site
Usage: bench [OPTIONS] COMMAND [ARGS]...
Try "bench --help" for help.

Error: no such option: --site
Usage: bench [OPTIONS] COMMAND [ARGS]...
Try "bench --help" for help.

Error: no such option: --site
Usage: bench [OPTIONS] COMMAND [ARGS]...
Try "bench --help" for help.

Error: no such option: --site
Usage: bench [OPTIONS] COMMAND [ARGS]...
Try "bench --help" for help.

Error: no such option: --site
Usage: bench [OPTIONS] COMMAND [ARGS]...
Try "bench --help" for help.

Error: no such option: --site
Usage: bench [OPTIONS] COMMAND [ARGS]...
Try "bench --help" for help.

Error: no such option: --site
Usage: bench [OPTIONS] COMMAND [ARGS]...
Try "bench --help" for help.

Error: no such option: --site
Usage: bench [OPTIONS] COMMAND [ARGS]...
Try "bench --help" for help.

Error: no such option: --site
Usage: bench [OPTIONS] COMMAND [ARGS]...
Try "bench --help" for help.

Error: no such option: --site
Usage: bench [OPTIONS] COMMAND [ARGS]...
Try "bench --help" for help.

Error: no such option: --site
Usage: bench [OPTIONS] COMMAND [ARGS]...
Try "bench --help" for help.

Error: no such option: --site
Usage: bench [OPTIONS] COMMAND [ARGS]...
Try "bench --help" for help.

Error: no such option: --site
Usage: bench [OPTIONS] COMMAND [ARGS]...
Try "bench --help" for help.

Error: no such option: --site
Usage: bench [OPTIONS] COMMAND [ARGS]...
Try "bench --help" for help.

Error: no such option: --site
Usage: bench [OPTIONS] COMMAND [ARGS]...
Try "bench --help" for help.

Error: no such option: --site
Usage: bench [OPTIONS] COMMAND [ARGS]...
Try "bench --help" for help.

Error: no such option: --site
Usage: bench [OPTIONS] COMMAND [ARGS]...
Try "bench --help" for help.

Error: no such option: --site
Usage: bench [OPTIONS] COMMAND [ARGS]...
Try "bench --help" for help.

Error: no such option: --site
Usage: bench [OPTIONS] COMMAND [ARGS]...
Try "bench --help" for help.

Error: no such option: --site
Usage: bench [OPTIONS] COMMAND [ARGS]...
Try "bench --help" for help.

Error: no such option: --site
Usage: bench [OPTIONS] COMMAND [ARGS]...
Try "bench --help" for help.

Error: no such option: --site
Usage: bench [OPTIONS] COMMAND [ARGS]...
Try "bench --help" for help.

Error: no such option: --site
Usage: bench [OPTIONS] COMMAND [ARGS]...
Try "bench --help" for help.

Error: no such option: --site
Usage: bench [OPTIONS] COMMAND [ARGS]...
Try "bench --help" for help.

Error: no such option: --site
Usage: bench [OPTIONS] COMMAND [ARGS]...
Try "bench --help" for help.

Error: no such option: --site
Usage: bench [OPTIONS] COMMAND [ARGS]...
Try "bench --help" for help.

Error: no such option: --site
Usage: bench [OPTIONS] COMMAND [ARGS]...
Try "bench --help" for help.

Error: no such option: --site
Usage: bench [OPTIONS] COMMAND [ARGS]...
Try "bench --help" for help.

Error: no such option: --site
Usage: bench [OPTIONS] COMMAND [ARGS]...
Try "bench --help" for help.

Error: no such option: --site
Usage: bench [OPTIONS] COMMAND [ARGS]...
Try "bench --help" for help.

Error: no such option: --site
Usage: bench [OPTIONS] COMMAND [ARGS]...
Try "bench --help" for help.

Error: no such option: --site
Usage: bench [OPTIONS] COMMAND [ARGS]...
Try "bench --help" for help.

Error: no such option: --site
Usage: bench [OPTIONS] COMMAND [ARGS]...
Try "bench --help" for help.

Error: no such option: --site
Usage: bench [OPTIONS] COMMAND [ARGS]...
Try "bench --help" for help.

Error: no such option: --site
Usage: bench [OPTIONS] COMMAND [ARGS]...
Try "bench --help" for help.

Error: no such option: --site
Usage: bench [OPTIONS] COMMAND [ARGS]...
Try "bench --help" for help.

Error: no such option: --site
Usage: bench [OPTIONS] COMMAND [ARGS]...
Try "bench --help" for help.

Error: no such option: --site
Usage: bench [OPTIONS] COMMAND [ARGS]...
Try "bench --help" for help.

Error: no such option: --site
Usage: bench [OPTIONS] COMMAND [ARGS]...
Try "bench --help" for help.

Error: no such option: --site
Usage: bench [OPTIONS] COMMAND [ARGS]...
Try "bench --help" for help.

Error: no such option: --site
Usage: bench [OPTIONS] COMMAND [ARGS]...
Try "bench --help" for help.

Error: no such option: --site
Usage: bench [OPTIONS] COMMAND [ARGS]...
Try "bench --help" for help.

Error: no such option: --site
Usage: bench [OPTIONS] COMMAND [ARGS]...
Try "bench --help" for help.

Error: no such option: --site
Usage: bench [OPTIONS] COMMAND [ARGS]...
Try "bench --help" for help.

Error: no such option: --site
Usage: bench [OPTIONS] COMMAND [ARGS]...
Try "bench --help" for help.

Error: no such option: --site
Usage: bench [OPTIONS] COMMAND [ARGS]...
Try "bench --help" for help.

Error: no such option: --site
Usage: bench [OPTIONS] COMMAND [ARGS]...
Try "bench --help" for help.

Error: no such option: --site
Usage: bench [OPTIONS] COMMAND [ARGS]...
Try "bench --help" for help.

Error: no such option: --site
Usage: bench [OPTIONS] COMMAND [ARGS]...
Try "bench --help" for help.

Error: no such option: --site
Usage: bench [OPTIONS] COMMAND [ARGS]...
Try "bench --help" for help.

Error: no such option: --site
Usage: bench [OPTIONS] COMMAND [ARGS]...
Try "bench --help" for help.

Error: no such option: --site
Usage: bench [OPTIONS] COMMAND [ARGS]...
Try "bench --help" for help.

Error: no such option: --site
Usage: bench [OPTIONS] COMMAND [ARGS]...
Try "bench --help" for help.

Error: no such option: --site
Usage: bench [OPTIONS] COMMAND [ARGS]...
Try "bench --help" for help.

Error: no such option: --site
Usage: bench [OPTIONS] COMMAND [ARGS]...
Try "bench --help" for help.

Error: no such option: --site
Usage: bench [OPTIONS] COMMAND [ARGS]...
Try "bench --help" for help.

Error: no such option: --site
Usage: bench [OPTIONS] COMMAND [ARGS]...
Try "bench --help" for help.

Error: no such option: --site
Usage: bench [OPTIONS] COMMAND [ARGS]...
Try "bench --help" for help.

Error: no such option: --site
Usage: bench [OPTIONS] COMMAND [ARGS]...
Try "bench --help" for help.

Error: no such option: --site
Usage: bench [OPTIONS] COMMAND [ARGS]...
Try "bench --help" for help.

Error: no such option: --site
Usage: bench [OPTIONS] COMMAND [ARGS]...
Try "bench --help" for help.

Error: no such option: --site
Usage: bench [OPTIONS] COMMAND [ARGS]...
Try "bench --help" for help.

Error: no such option: --site
Usage: bench [OPTIONS] COMMAND [ARGS]...
Try "bench --help" for help.

Error: no such option: --site
Usage: bench [OPTIONS] COMMAND [ARGS]...
Try "bench --help" for help.

Error: no such option: --site
Usage: bench [OPTIONS] COMMAND [ARGS]...
Try "bench --help" for help.

Error: no such option: --site
Usage: bench [OPTIONS] COMMAND [ARGS]...
Try "bench --help" for help.

Error: no such option: --site
Usage: bench [OPTIONS] COMMAND [ARGS]...
Try "bench --help" for help.

Error: no such option: --site
Usage: bench [OPTIONS] COMMAND [ARGS]...
Try "bench --help" for help.

Error: no such option: --site
Usage: bench [OPTIONS] COMMAND [ARGS]...
Try "bench --help" for help.

Error: no such option: --site
Usage: bench [OPTIONS] COMMAND [ARGS]...
Try "bench --help" for help.

Error: no such option: --site
Usage: bench [OPTIONS] COMMAND [ARGS]...
Try "bench --help" for help.

Error: no such option: --site
Usage: bench [OPTIONS] COMMAND [ARGS]...
Try "bench --help" for help.

Error: no such option: --site
Usage: bench [OPTIONS] COMMAND [ARGS]...
Try "bench --help" for help.

Error: no such option: --site
Usage: bench [OPTIONS] COMMAND [ARGS]...
Try "bench --help" for help.

Error: no such option: --site
Usage: bench [OPTIONS] COMMAND [ARGS]...
Try "bench --help" for help.

Error: no such option: --site
Usage: bench [OPTIONS] COMMAND [ARGS]...
Try "bench --help" for help.

Error: no such option: --site
Usage: bench [OPTIONS] COMMAND [ARGS]...
Try "bench --help" for help.

Error: no such option: --site
Usage: bench [OPTIONS] COMMAND [ARGS]...
Try "bench --help" for help.

Error: no such option: --site
Usage: bench [OPTIONS] COMMAND [ARGS]...
Try "bench --help" for help.

Error: no such option: --site
Usage: bench [OPTIONS] COMMAND [ARGS]...
Try "bench --help" for help.

Error: no such option: --site
Usage: bench [OPTIONS] COMMAND [ARGS]...
Try "bench --help" for help.

Error: no such option: --site
Usage: bench [OPTIONS] COMMAND [ARGS]...
Try "bench --help" for help.

Error: no such option: --site
Usage: bench [OPTIONS] COMMAND [ARGS]...
Try "bench --help" for help.

Error: no such option: --site
Usage: bench [OPTIONS] COMMAND [ARGS]...
Try "bench --help" for help.

Error: no such option: --site
Usage: bench [OPTIONS] COMMAND [ARGS]...
Try "bench --help" for help.

Error: no such option: --site
Usage: bench [OPTIONS] COMMAND [ARGS]...
Try "bench --help" for help.

Error: no such option: --site
Usage: bench [OPTIONS] COMMAND [ARGS]...
Try "bench --help" for help.

Error: no such option: --site
Usage: bench [OPTIONS] COMMAND [ARGS]...
Try "bench --help" for help.

Error: no such option: --site
Usage: bench [OPTIONS] COMMAND [ARGS]...
Try "bench --help" for help.

Error: no such option: --site
Usage: bench [OPTIONS] COMMAND [ARGS]...
Try "bench --help" for help.

Error: no such option: --site
Usage: bench [OPTIONS] COMMAND [ARGS]...
Try "bench --help" for help.

Error: no such option: --site
Usage: bench [OPTIONS] COMMAND [ARGS]...
Try "bench --help" for help.

Error: no such option: --site
Usage: bench [OPTIONS] COMMAND [ARGS]...
Try "bench --help" for help.

Error: no such option: --site
Usage: bench [OPTIONS] COMMAND [ARGS]...
Try "bench --help" for help.

Error: no such option: --site
Usage: bench [OPTIONS] COMMAND [ARGS]...
Try "bench --help" for help.

Error: no such option: --site
Usage: bench [OPTIONS] COMMAND [ARGS]...
Try "bench --help" for help.

Error: no such option: --site
Usage: bench [OPTIONS] COMMAND [ARGS]...
Try "bench --help" for help.

Error: no such option: --site
Usage: bench [OPTIONS] COMMAND [ARGS]...
Try "bench --help" for help.

Error: no such option: --site
Usage: bench [OPTIONS] COMMAND [ARGS]...
Try "bench --help" for help.

Error: no such option: --site
Usage: bench [OPTIONS] COMMAND [ARGS]...
Try "bench --help" for help.

Error: no such option: --site
Usage: bench [OPTIONS] COMMAND [ARGS]...
Try "bench --help" for help.

Error: no such option: --site
Usage: bench [OPTIONS] COMMAND [ARGS]...
Try "bench --help" for help.

Error: no such option: --site
Usage: bench [OPTIONS] COMMAND [ARGS]...
Try "bench --help" for help.

Error: no such option: --site
Usage: bench [OPTIONS] COMMAND [ARGS]...
Try "bench --help" for help.

Error: no such option: --site
Usage: bench [OPTIONS] COMMAND [ARGS]...
Try "bench --help" for help.

Error: no such option: --site
Usage: bench [OPTIONS] COMMAND [ARGS]...
Try "bench --help" for help.

Error: no such option: --site
Usage: bench [OPTIONS] COMMAND [ARGS]...
Try "bench --help" for help.

Error: no such option: --site
Usage: bench [OPTIONS] COMMAND [ARGS]...
Try "bench --help" for help.

Error: no such option: --site
Usage: bench [OPTIONS] COMMAND [ARGS]...
Try "bench --help" for help.

Error: no such option: --site
Usage: bench [OPTIONS] COMMAND [ARGS]...
Try "bench --help" for help.

Error: no such option: --site
Usage: bench [OPTIONS] COMMAND [ARGS]...
Try "bench --help" for help.

Error: no such option: --site
Usage: bench [OPTIONS] COMMAND [ARGS]...
Try "bench --help" for help.

Error: no such option: --site
Usage: bench [OPTIONS] COMMAND [ARGS]...
Try "bench --help" for help.

Error: no such option: --site
Usage: bench [OPTIONS] COMMAND [ARGS]...
Try "bench --help" for help.

Error: no such option: --site
Usage: bench [OPTIONS] COMMAND [ARGS]...
Try "bench --help" for help.

Error: no such option: --site
Usage: bench [OPTIONS] COMMAND [ARGS]...
Try "bench --help" for help.

Error: no such option: --site
Usage: bench [OPTIONS] COMMAND [ARGS]...
Try "bench --help" for help.

Error: no such option: --site
Usage: bench [OPTIONS] COMMAND [ARGS]...
Try "bench --help" for help.

Error: no such option: --site
Usage: bench [OPTIONS] COMMAND [ARGS]...
Try "bench --help" for help.

Error: no such option: --site
Usage: bench [OPTIONS] COMMAND [ARGS]...
Try "bench --help" for help.

Error: no such option: --site
Usage: bench [OPTIONS] COMMAND [ARGS]...
Try "bench --help" for help.

Error: no such option: --site
Usage: bench [OPTIONS] COMMAND [ARGS]...
Try "bench --help" for help.

Error: no such option: --site
Usage: bench [OPTIONS] COMMAND [ARGS]...
Try "bench --help" for help.

Error: no such option: --site
Usage: bench [OPTIONS] COMMAND [ARGS]...
Try "bench --help" for help.

Error: no such option: --site
Usage: bench [OPTIONS] COMMAND [ARGS]...
Try "bench --help" for help.

Error: no such option: --site
Usage: bench [OPTIONS] COMMAND [ARGS]...
Try "bench --help" for help.

Error: no such option: --site
Usage: bench [OPTIONS] COMMAND [ARGS]...
Try "bench --help" for help.

Error: no such option: --site
Usage: bench [OPTIONS] COMMAND [ARGS]...
Try "bench --help" for help.

Error: no such option: --site
Usage: bench [OPTIONS] COMMAND [ARGS]...
Try "bench --help" for help.

Error: no such option: --site
Usage: bench [OPTIONS] COMMAND [ARGS]...
Try "bench --help" for help.

Error: no such option: --site
Usage: bench [OPTIONS] COMMAND [ARGS]...
Try "bench --help" for help.

Error: no such option: --site
Usage: bench [OPTIONS] COMMAND [ARGS]...
Try "bench --help" for help.

Error: no such option: --site
Usage: bench [OPTIONS] COMMAND [ARGS]...
Try "bench --help" for help.

Error: no such option: --site
Usage: bench [OPTIONS] COMMAND [ARGS]...
Try "bench --help" for help.

Error: no such option: --site
Usage: bench [OPTIONS] COMMAND [ARGS]...
Try "bench --help" for help.

Error: no such option: --site
Usage: bench [OPTIONS] COMMAND [ARGS]...
Try "bench --help" for help.

Error: no such option: --site
Usage: bench [OPTIONS] COMMAND [ARGS]...
Try "bench --help" for help.

Error: no such option: --site
Usage: bench [OPTIONS] COMMAND [ARGS]...
Try "bench --help" for help.

Error: no such option: --site
Usage: bench [OPTIONS] COMMAND [ARGS]...
Try "bench --help" for help.

Error: no such option: --site
Usage: bench [OPTIONS] COMMAND [ARGS]...
Try "bench --help" for help.

Error: no such option: --site
Usage: bench [OPTIONS] COMMAND [ARGS]...
Try "bench --help" for help.

Error: no such option: --site
Usage: bench [OPTIONS] COMMAND [ARGS]...
Try "bench --help" for help.

Error: no such option: --site
Usage: bench [OPTIONS] COMMAND [ARGS]...
Try "bench --help" for help.

Error: no such option: --site
Usage: bench [OPTIONS] COMMAND [ARGS]...
Try "bench --help" for help.

Error: no such option: --site
Usage: bench [OPTIONS] COMMAND [ARGS]...
Try "bench --help" for help.

Error: no such option: --site
Usage: bench [OPTIONS] COMMAND [ARGS]...
Try "bench --help" for help.

Error: no such option: --site
Usage: bench [OPTIONS] COMMAND [ARGS]...
Try "bench --help" for help.

Error: no such option: --site
Usage: bench [OPTIONS] COMMAND [ARGS]...
Try "bench --help" for help.

Error: no such option: --site
Usage: bench [OPTIONS] COMMAND [ARGS]...
Try "bench --help" for help.

Error: no such option: --site
Usage: bench [OPTIONS] COMMAND [ARGS]...
Try "bench --help" for help.

Error: no such option: --site
Usage: bench [OPTIONS] COMMAND [ARGS]...
Try "bench --help" for help.

Error: no such option: --site
Usage: bench [OPTIONS] COMMAND [ARGS]...
Try "bench --help" for help.

Error: no such option: --site
Usage: bench [OPTIONS] COMMAND [ARGS]...
Try "bench --help" for help.

Error: no such option: --site
Usage: bench [OPTIONS] COMMAND [ARGS]...
Try "bench --help" for help.

Error: no such option: --site
Usage: bench [OPTIONS] COMMAND [ARGS]...
Try "bench --help" for help.

Error: no such option: --site
Usage: bench [OPTIONS] COMMAND [ARGS]...
Try "bench --help" for help.

Error: no such option: --site
Usage: bench [OPTIONS] COMMAND [ARGS]...
Try "bench --help" for help.

Error: no such option: --site
Usage: bench [OPTIONS] COMMAND [ARGS]...
Try "bench --help" for help.

Error: no such option: --site
Usage: bench [OPTIONS] COMMAND [ARGS]...
Try "bench --help" for help.

Error: no such option: --site
Usage: bench [OPTIONS] COMMAND [ARGS]...
Try "bench --help" for help.

Error: no such option: --site
Usage: bench [OPTIONS] COMMAND [ARGS]...
Try "bench --help" for help.

Error: no such option: --site
Usage: bench [OPTIONS] COMMAND [ARGS]...
Try "bench --help" for help.

Error: no such option: --site
Usage: bench [OPTIONS] COMMAND [ARGS]...
Try "bench --help" for help.

Error: no such option: --site
Usage: bench [OPTIONS] COMMAND [ARGS]...
Try "bench --help" for help.

Error: no such option: --site
Usage: bench [OPTIONS] COMMAND [ARGS]...
Try "bench --help" for help.

Error: no such option: --site
Usage: bench [OPTIONS] COMMAND [ARGS]...
Try "bench --help" for help.

Error: no such option: --site
Usage: bench [OPTIONS] COMMAND [ARGS]...
Try "bench --help" for help.

Error: no such option: --site
Usage: bench [OPTIONS] COMMAND [ARGS]...
Try "bench --help" for help.

Error: no such option: --site
Usage: bench [OPTIONS] COMMAND [ARGS]...
Try "bench --help" for help.

Error: no such option: --site
Usage: bench [OPTIONS] COMMAND [ARGS]...
Try "bench --help" for help.

Error: no such option: --site
Usage: bench [OPTIONS] COMMAND [ARGS]...
Try "bench --help" for help.

Error: no such option: --site
Usage: bench [OPTIONS] COMMAND [ARGS]...
Try "bench --help" for help.

Error: no such option: --site
Usage: bench [OPTIONS] COMMAND [ARGS]...
Try "bench --help" for help.

Error: no such option: --site
Usage: bench [OPTIONS] COMMAND [ARGS]...
Try "bench --help" for help.

Error: no such option: --site
Usage: bench [OPTIONS] COMMAND [ARGS]...
Try "bench --help" for help.

Error: no such option: --site
Usage: bench [OPTIONS] COMMAND [ARGS]...
Try "bench --help" for help.

Error: no such option: --site
Usage: bench [OPTIONS] COMMAND [ARGS]...
Try "bench --help" for help.

Error: no such option: --site
Usage: bench [OPTIONS] COMMAND [ARGS]...
Try "bench --help" for help.

Error: no such option: --site
Usage: bench [OPTIONS] COMMAND [ARGS]...
Try "bench --help" for help.

Error: no such option: --site
Usage: bench [OPTIONS] COMMAND [ARGS]...
Try "bench --help" for help.

Error: no such option: --site
Usage: bench [OPTIONS] COMMAND [ARGS]...
Try "bench --help" for help.

Error: no such option: --site
Usage: bench [OPTIONS] COMMAND [ARGS]...
Try "bench --help" for help.

Error: no such option: --site
Usage: bench [OPTIONS] COMMAND [ARGS]...
Try "bench --help" for help.

Error: no such option: --site
Usage: bench [OPTIONS] COMMAND [ARGS]...
Try "bench --help" for help.

Error: no such option: --site
Usage: bench [OPTIONS] COMMAND [ARGS]...
Try "bench --help" for help.

Error: no such option: --site
Usage: bench [OPTIONS] COMMAND [ARGS]...
Try "bench --help" for help.

Error: no such option: --site
Usage: bench [OPTIONS] COMMAND [ARGS]...
Try "bench --help" for help.

Error: no such option: --site
Usage: bench [OPTIONS] COMMAND [ARGS]...
Try "bench --help" for help.

Error: no such option: --site
Usage: bench [OPTIONS] COMMAND [ARGS]...
Try "bench --help" for help.

Error: no such option: --site
Usage: bench [OPTIONS] COMMAND [ARGS]...
Try "bench --help" for help.

Error: no such option: --site
Usage: bench [OPTIONS] COMMAND [ARGS]...
Try "bench --help" for help.

Error: no such option: --site
Usage: bench [OPTIONS] COMMAND [ARGS]...
Try "bench --help" for help.

Error: no such option: --site
Usage: bench [OPTIONS] COMMAND [ARGS]...
Try "bench --help" for help.

Error: no such option: --site
Usage: bench [OPTIONS] COMMAND [ARGS]...
Try "bench --help" for help.

Error: no such option: --site
Usage: bench [OPTIONS] COMMAND [ARGS]...
Try "bench --help" for help.

Error: no such option: --site
Usage: bench [OPTIONS] COMMAND [ARGS]...
Try "bench --help" for help.

Error: no such option: --site
Usage: bench [OPTIONS] COMMAND [ARGS]...
Try "bench --help" for help.

Error: no such option: --site
Usage: bench [OPTIONS] COMMAND [ARGS]...
Try "bench --help" for help.

Error: no such option: --site
Usage: bench [OPTIONS] COMMAND [ARGS]...
Try "bench --help" for help.

Error: no such option: --site
Usage: bench [OPTIONS] COMMAND [ARGS]...
Try "bench --help" for help.

Error: no such option: --site
Usage: bench [OPTIONS] COMMAND [ARGS]...
Try "bench --help" for help.

Error: no such option: --site
Usage: bench [OPTIONS] COMMAND [ARGS]...
Try "bench --help" for help.

Error: no such option: --site
Usage: bench [OPTIONS] COMMAND [ARGS]...
Try "bench --help" for help.

Error: no such option: --site
Usage: bench [OPTIONS] COMMAND [ARGS]...
Try "bench --help" for help.

Error: no such option: --site
Usage: bench [OPTIONS] COMMAND [ARGS]...
Try "bench --help" for help.

Error: no such option: --site
Usage: bench [OPTIONS] COMMAND [ARGS]...
Try "bench --help" for help.

Error: no such option: --site
Usage: bench [OPTIONS] COMMAND [ARGS]...
Try "bench --help" for help.

Error: no such option: --site
Usage: bench [OPTIONS] COMMAND [ARGS]...
Try "bench --help" for help.

Error: no such option: --site
Usage: bench [OPTIONS] COMMAND [ARGS]...
Try "bench --help" for help.

Error: no such option: --site
Usage: bench [OPTIONS] COMMAND [ARGS]...
Try "bench --help" for help.

Error: no such option: --site
Usage: bench [OPTIONS] COMMAND [ARGS]...
Try "bench --help" for help.

Error: no such option: --site
Usage: bench [OPTIONS] COMMAND [ARGS]...
Try "bench --help" for help.

Error: no such option: --site
Usage: bench [OPTIONS] COMMAND [ARGS]...
Try "bench --help" for help.

Error: no such option: --site
Usage: bench [OPTIONS] COMMAND [ARGS]...
Try "bench --help" for help.

Error: no such option: --site
Usage: bench [OPTIONS] COMMAND [ARGS]...
Try "bench --help" for help.

Error: no such option: --site
Usage: bench [OPTIONS] COMMAND [ARGS]...
Try "bench --help" for help.

Error: no such option: --site
Usage: bench [OPTIONS] COMMAND [ARGS]...
Try "bench --help" for help.

Error: no such option: --site
Usage: bench [OPTIONS] COMMAND [ARGS]...
Try "bench --help" for help.

Error: no such option: --site
Usage: bench [OPTIONS] COMMAND [ARGS]...
Try "bench --help" for help.

Error: no such option: --site
Usage: bench [OPTIONS] COMMAND [ARGS]...
Try "bench --help" for help.

Error: no such option: --site
Usage: bench [OPTIONS] COMMAND [ARGS]...
Try "bench --help" for help.

Error: no such option: --site
Usage: bench [OPTIONS] COMMAND [ARGS]...
Try "bench --help" for help.

Error: no such option: --site
Usage: bench [OPTIONS] COMMAND [ARGS]...
Try "bench --help" for help.

Error: no such option: --site
Usage: bench [OPTIONS] COMMAND [ARGS]...
Try "bench --help" for help.

Error: no such option: --site
Usage: bench [OPTIONS] COMMAND [ARGS]...
Try "bench --help" for help.

Error: no such option: --site
Usage: bench [OPTIONS] COMMAND [ARGS]...
Try "bench --help" for help.

Error: no such option: --site
Usage: bench [OPTIONS] COMMAND [ARGS]...
Try "bench --help" for help.

Error: no such option: --site
Usage: bench [OPTIONS] COMMAND [ARGS]...
Try "bench --help" for help.

Error: no such option: --site
Usage: bench [OPTIONS] COMMAND [ARGS]...
Try "bench --help" for help.

Error: no such option: --site
Usage: bench [OPTIONS] COMMAND [ARGS]...
Try "bench --help" for help.

Error: no such option: --site
Usage: bench [OPTIONS] COMMAND [ARGS]...
Try "bench --help" for help.

Error: no such option: --site
Usage: bench [OPTIONS] COMMAND [ARGS]...
Try "bench --help" for help.

Error: no such option: --site
Usage: bench [OPTIONS] COMMAND [ARGS]...
Try "bench --help" for help.

Error: no such option: --site
Usage: bench [OPTIONS] COMMAND [ARGS]...
Try "bench --help" for help.

Error: no such option: --site
Usage: bench [OPTIONS] COMMAND [ARGS]...
Try "bench --help" for help.

Error: no such option: --site
Usage: bench [OPTIONS] COMMAND [ARGS]...
Try "bench --help" for help.

Error: no such option: --site
Usage: bench [OPTIONS] COMMAND [ARGS]...
Try "bench --help" for help.

Error: no such option: --site
Usage: bench [OPTIONS] COMMAND [ARGS]...
Try "bench --help" for help.

Error: no such option: --site
Usage: bench [OPTIONS] COMMAND [ARGS]...
Try "bench --help" for help.

Error: no such option: --site
Usage: bench [OPTIONS] COMMAND [ARGS]...
Try "bench --help" for help.

Error: no such option: --site
Usage: bench [OPTIONS] COMMAND [ARGS]...
Try "bench --help" for help.

Error: no such option: --site
Usage: bench [OPTIONS] COMMAND [ARGS]...
Try "bench --help" for help.

Error: no such option: --site
Usage: bench [OPTIONS] COMMAND [ARGS]...
Try "bench --help" for help.

Error: no such option: --site
Usage: bench [OPTIONS] COMMAND [ARGS]...
Try "bench --help" for help.

Error: no such option: --site
Usage: bench [OPTIONS] COMMAND [ARGS]...
Try "bench --help" for help.

Error: no such option: --site
Usage: bench [OPTIONS] COMMAND [ARGS]...
Try "bench --help" for help.

Error: no such option: --site
Usage: bench [OPTIONS] COMMAND [ARGS]...
Try "bench --help" for help.

Error: no such option: --site
Usage: bench [OPTIONS] COMMAND [ARGS]...
Try "bench --help" for help.

Error: no such option: --site
Usage: bench [OPTIONS] COMMAND [ARGS]...
Try "bench --help" for help.

Error: no such option: --site
Usage: bench [OPTIONS] COMMAND [ARGS]...
Try "bench --help" for help.

Error: no such option: --site
Usage: bench [OPTIONS] COMMAND [ARGS]...
Try "bench --help" for help.

Error: no such option: --site
Usage: bench [OPTIONS] COMMAND [ARGS]...
Try "bench --help" for help.

Error: no such option: --site
Usage: bench [OPTIONS] COMMAND [ARGS]...
Try "bench --help" for help.

Error: no such option: --site
Usage: bench [OPTIONS] COMMAND [ARGS]...
Try "bench --help" for help.

Error: no such option: --site
Usage: bench [OPTIONS] COMMAND [ARGS]...
Try "bench --help" for help.

Error: no such option: --site
Usage: bench [OPTIONS] COMMAND [ARGS]...
Try "bench --help" for help.

Error: no such option: --site
Usage: bench [OPTIONS] COMMAND [ARGS]...
Try "bench --help" for help.

Error: no such option: --site
Usage: bench [OPTIONS] COMMAND [ARGS]...
Try "bench --help" for help.

Error: no such option: --site
Usage: bench [OPTIONS] COMMAND [ARGS]...
Try "bench --help" for help.

Error: no such option: --site
Usage: bench [OPTIONS] COMMAND [ARGS]...
Try "bench --help" for help.

Error: no such option: --site
Usage: bench [OPTIONS] COMMAND [ARGS]...
Try "bench --help" for help.

Error: no such option: --site
Usage: bench [OPTIONS] COMMAND [ARGS]...
Try "bench --help" for help.

Error: no such option: --site
Usage: bench [OPTIONS] COMMAND [ARGS]...
Try "bench --help" for help.

Error: no such option: --site
Usage: bench [OPTIONS] COMMAND [ARGS]...
Try "bench --help" for help.

Error: no such option: --site
Usage: bench [OPTIONS] COMMAND [ARGS]...
Try "bench --help" for help.

Error: no such option: --site
Usage: bench [OPTIONS] COMMAND [ARGS]...
Try "bench --help" for help.

Error: no such option: --site
Usage: bench [OPTIONS] COMMAND [ARGS]...
Try "bench --help" for help.

Error: no such option: --site
Usage: bench [OPTIONS] COMMAND [ARGS]...
Try "bench --help" for help.

Error: no such option: --site
Usage: bench [OPTIONS] COMMAND [ARGS]...
Try "bench --help" for help.

Error: no such option: --site
Usage: bench [OPTIONS] COMMAND [ARGS]...
Try "bench --help" for help.

Error: no such option: --site
Usage: bench [OPTIONS] COMMAND [ARGS]...
Try "bench --help" for help.

Error: no such option: --site
Usage: bench [OPTIONS] COMMAND [ARGS]...
Try "bench --help" for help.

Error: no such option: --site
Usage: bench [OPTIONS] COMMAND [ARGS]...
Try "bench --help" for help.

Error: no such option: --site
Usage: bench [OPTIONS] COMMAND [ARGS]...
Try "bench --help" for help.

Error: no such option: --site
Usage: bench [OPTIONS] COMMAND [ARGS]...
Try "bench --help" for help.

Error: no such option: --site
Usage: bench [OPTIONS] COMMAND [ARGS]...
Try "bench --help" for help.

Error: no such option: --site
Usage: bench [OPTIONS] COMMAND [ARGS]...
Try "bench --help" for help.

Error: no such option: --site
Usage: bench [OPTIONS] COMMAND [ARGS]...
Try "bench --help" for help.

Error: no such option: --site
Usage: bench [OPTIONS] COMMAND [ARGS]...
Try "bench --help" for help.

Error: no such option: --site
Usage: bench [OPTIONS] COMMAND [ARGS]...
Try "bench --help" for help.

Error: no such option: --site
Usage: bench [OPTIONS] COMMAND [ARGS]...
Try "bench --help" for help.

Error: no such option: --site
