2021-12-03 02:09:16,304 DEBUG scheduler Queued events for site drabiz.net
2021-12-03 02:10:16,587 DEBUG scheduler Queued events for site drabiz.net
2021-12-03 02:11:16,871 DEBUG scheduler Queued events for site drabiz.net
2021-12-03 02:12:17,267 INFO scheduler Scheduled Job Start: erpnext.crm.doctype.social_media_post.social_media_post.process_scheduled_social_media_posts for drabiz.net
2021-12-03 02:12:17,471 DEBUG scheduler Queued events for site drabiz.net
2021-12-03 02:12:17,635 INFO scheduler Scheduled Job Complete: erpnext.crm.doctype.social_media_post.social_media_post.process_scheduled_social_media_posts for drabiz.net
2021-12-03 02:12:17,720 INFO scheduler Scheduled Job Start: erpnext.hr.doctype.interview.interview.send_interview_reminder for drabiz.net
2021-12-03 02:12:18,008 INFO scheduler Scheduled Job Complete: erpnext.hr.doctype.interview.interview.send_interview_reminder for drabiz.net
2021-12-03 02:12:18,092 INFO scheduler Scheduled Job Start: erpnext.projects.doctype.project.project.project_status_update_reminder for drabiz.net
2021-12-03 02:12:18,439 INFO scheduler Scheduled Job Complete: erpnext.projects.doctype.project.project.project_status_update_reminder for drabiz.net
2021-12-03 02:12:18,507 INFO scheduler Scheduled Job Start: frappe.monitor.flush for drabiz.net
2021-12-03 02:12:18,720 INFO scheduler Scheduled Job Complete: frappe.monitor.flush for drabiz.net
2021-12-03 02:12:18,812 INFO scheduler Scheduled Job Start: frappe.utils.global_search.sync_global_search for drabiz.net
2021-12-03 02:12:19,022 INFO scheduler Scheduled Job Complete: frappe.utils.global_search.sync_global_search for drabiz.net
2021-12-03 02:12:19,105 INFO scheduler Scheduled Job Start: frappe.integrations.doctype.razorpay_settings.razorpay_settings.capture_payment for drabiz.net
2021-12-03 02:12:19,423 INFO scheduler Scheduled Job Complete: frappe.integrations.doctype.razorpay_settings.razorpay_settings.capture_payment for drabiz.net
2021-12-03 02:12:19,494 INFO scheduler Scheduled Job Start: frappe.email.doctype.email_account.email_account.notify_unreplied for drabiz.net
2021-12-03 02:12:19,742 INFO scheduler Scheduled Job Complete: frappe.email.doctype.email_account.email_account.notify_unreplied for drabiz.net
2021-12-03 02:12:19,822 INFO scheduler Scheduled Job Start: frappe.email.doctype.email_account.email_account.pull for drabiz.net
2021-12-03 02:12:20,123 INFO scheduler Scheduled Job Complete: frappe.email.doctype.email_account.email_account.pull for drabiz.net
2021-12-03 02:12:20,211 INFO scheduler Scheduled Job Start: frappe.email.queue.flush for drabiz.net
2021-12-03 02:12:20,447 INFO scheduler Scheduled Job Complete: frappe.email.queue.flush for drabiz.net
2021-12-03 02:13:17,913 DEBUG scheduler Queued events for site drabiz.net
2021-12-03 02:14:18,178 DEBUG scheduler Queued events for site drabiz.net
2021-12-03 02:15:18,618 DEBUG scheduler Queued events for site drabiz.net
2021-12-03 02:15:18,710 INFO scheduler Scheduled Job Start: frappe.twofactor.delete_all_barcodes_for_users for drabiz.net
2021-12-03 02:15:19,119 INFO scheduler Scheduled Job Complete: frappe.twofactor.delete_all_barcodes_for_users for drabiz.net
2021-12-03 02:15:19,245 INFO scheduler Scheduled Job Start: frappe.website.doctype.web_page.web_page.check_publish_status for drabiz.net
2021-12-03 02:15:19,569 INFO scheduler Scheduled Job Complete: frappe.website.doctype.web_page.web_page.check_publish_status for drabiz.net
2021-12-03 02:15:19,652 INFO scheduler Scheduled Job Start: frappe.oauth.delete_oauth2_data for drabiz.net
2021-12-03 02:15:19,947 INFO scheduler Scheduled Job Complete: frappe.oauth.delete_oauth2_data for drabiz.net
2021-12-03 02:16:19,030 INFO scheduler Scheduled Job Start: erpnext.crm.doctype.social_media_post.social_media_post.process_scheduled_social_media_posts for drabiz.net
2021-12-03 02:16:19,186 DEBUG scheduler Queued events for site drabiz.net
2021-12-03 02:16:19,324 INFO scheduler Scheduled Job Complete: erpnext.crm.doctype.social_media_post.social_media_post.process_scheduled_social_media_posts for drabiz.net
2021-12-03 02:16:19,407 INFO scheduler Scheduled Job Start: erpnext.hr.doctype.interview.interview.send_interview_reminder for drabiz.net
2021-12-03 02:16:19,662 INFO scheduler Scheduled Job Complete: erpnext.hr.doctype.interview.interview.send_interview_reminder for drabiz.net
2021-12-03 02:16:19,740 INFO scheduler Scheduled Job Start: erpnext.projects.doctype.project.project.project_status_update_reminder for drabiz.net
2021-12-03 02:16:20,124 INFO scheduler Scheduled Job Complete: erpnext.projects.doctype.project.project.project_status_update_reminder for drabiz.net
2021-12-03 02:16:20,200 INFO scheduler Scheduled Job Start: frappe.monitor.flush for drabiz.net
2021-12-03 02:16:20,428 INFO scheduler Scheduled Job Complete: frappe.monitor.flush for drabiz.net
2021-12-03 02:16:20,508 INFO scheduler Scheduled Job Start: frappe.utils.global_search.sync_global_search for drabiz.net
2021-12-03 02:16:20,721 INFO scheduler Scheduled Job Complete: frappe.utils.global_search.sync_global_search for drabiz.net
2021-12-03 02:16:20,800 INFO scheduler Scheduled Job Start: frappe.integrations.doctype.razorpay_settings.razorpay_settings.capture_payment for drabiz.net
2021-12-03 02:16:21,174 INFO scheduler Scheduled Job Complete: frappe.integrations.doctype.razorpay_settings.razorpay_settings.capture_payment for drabiz.net
2021-12-03 02:16:21,253 INFO scheduler Scheduled Job Start: frappe.email.doctype.email_account.email_account.notify_unreplied for drabiz.net
2021-12-03 02:16:21,499 INFO scheduler Scheduled Job Complete: frappe.email.doctype.email_account.email_account.notify_unreplied for drabiz.net
2021-12-03 02:16:21,582 INFO scheduler Scheduled Job Start: frappe.email.doctype.email_account.email_account.pull for drabiz.net
2021-12-03 02:16:21,826 INFO scheduler Scheduled Job Complete: frappe.email.doctype.email_account.email_account.pull for drabiz.net
2021-12-03 02:16:21,911 INFO scheduler Scheduled Job Start: frappe.email.queue.flush for drabiz.net
2021-12-03 02:16:22,191 INFO scheduler Scheduled Job Complete: frappe.email.queue.flush for drabiz.net
2021-12-03 02:17:19,592 DEBUG scheduler Queued events for site drabiz.net
2021-12-03 02:18:20,024 DEBUG scheduler Queued events for site drabiz.net
2021-12-03 02:19:20,365 DEBUG scheduler Queued events for site drabiz.net
2021-12-03 02:20:20,756 INFO scheduler Scheduled Job Start: erpnext.crm.doctype.social_media_post.social_media_post.process_scheduled_social_media_posts for drabiz.net
2021-12-03 02:20:20,863 DEBUG scheduler Queued events for site drabiz.net
2021-12-03 02:20:21,052 INFO scheduler Scheduled Job Complete: erpnext.crm.doctype.social_media_post.social_media_post.process_scheduled_social_media_posts for drabiz.net
2021-12-03 02:20:21,134 INFO scheduler Scheduled Job Start: erpnext.hr.doctype.interview.interview.send_interview_reminder for drabiz.net
2021-12-03 02:20:21,384 INFO scheduler Scheduled Job Complete: erpnext.hr.doctype.interview.interview.send_interview_reminder for drabiz.net
2021-12-03 02:20:21,462 INFO scheduler Scheduled Job Start: erpnext.projects.doctype.project.project.project_status_update_reminder for drabiz.net
2021-12-03 02:20:21,800 INFO scheduler Scheduled Job Complete: erpnext.projects.doctype.project.project.project_status_update_reminder for drabiz.net
2021-12-03 02:20:21,884 INFO scheduler Scheduled Job Start: frappe.monitor.flush for drabiz.net
2021-12-03 02:20:22,086 INFO scheduler Scheduled Job Complete: frappe.monitor.flush for drabiz.net
2021-12-03 02:20:22,174 INFO scheduler Scheduled Job Start: frappe.utils.global_search.sync_global_search for drabiz.net
2021-12-03 02:20:22,401 INFO scheduler Scheduled Job Complete: frappe.utils.global_search.sync_global_search for drabiz.net
2021-12-03 02:20:22,494 INFO scheduler Scheduled Job Start: frappe.integrations.doctype.razorpay_settings.razorpay_settings.capture_payment for drabiz.net
2021-12-03 02:20:22,877 INFO scheduler Scheduled Job Complete: frappe.integrations.doctype.razorpay_settings.razorpay_settings.capture_payment for drabiz.net
2021-12-03 02:20:22,973 INFO scheduler Scheduled Job Start: frappe.email.doctype.email_account.email_account.notify_unreplied for drabiz.net
2021-12-03 02:20:23,268 INFO scheduler Scheduled Job Complete: frappe.email.doctype.email_account.email_account.notify_unreplied for drabiz.net
2021-12-03 02:20:23,345 INFO scheduler Scheduled Job Start: frappe.email.doctype.email_account.email_account.pull for drabiz.net
2021-12-03 02:20:23,649 INFO scheduler Scheduled Job Complete: frappe.email.doctype.email_account.email_account.pull for drabiz.net
2021-12-03 02:20:23,727 INFO scheduler Scheduled Job Start: frappe.email.queue.flush for drabiz.net
2021-12-03 02:20:24,000 INFO scheduler Scheduled Job Complete: frappe.email.queue.flush for drabiz.net
2021-12-03 02:21:21,293 DEBUG scheduler Queued events for site drabiz.net
2021-12-03 02:22:21,684 DEBUG scheduler Queued events for site drabiz.net
2021-12-03 02:23:21,974 DEBUG scheduler Queued events for site drabiz.net
2021-12-03 02:24:22,352 INFO scheduler Scheduled Job Start: erpnext.crm.doctype.social_media_post.social_media_post.process_scheduled_social_media_posts for drabiz.net
2021-12-03 02:24:22,454 DEBUG scheduler Queued events for site drabiz.net
2021-12-03 02:24:22,648 INFO scheduler Scheduled Job Complete: erpnext.crm.doctype.social_media_post.social_media_post.process_scheduled_social_media_posts for drabiz.net
2021-12-03 02:24:22,755 INFO scheduler Scheduled Job Start: erpnext.hr.doctype.interview.interview.send_interview_reminder for drabiz.net
2021-12-03 02:24:23,003 INFO scheduler Scheduled Job Complete: erpnext.hr.doctype.interview.interview.send_interview_reminder for drabiz.net
2021-12-03 02:24:23,079 INFO scheduler Scheduled Job Start: erpnext.projects.doctype.project.project.project_status_update_reminder for drabiz.net
2021-12-03 02:24:23,451 INFO scheduler Scheduled Job Complete: erpnext.projects.doctype.project.project.project_status_update_reminder for drabiz.net
2021-12-03 02:24:23,528 INFO scheduler Scheduled Job Start: frappe.monitor.flush for drabiz.net
2021-12-03 02:24:23,740 INFO scheduler Scheduled Job Complete: frappe.monitor.flush for drabiz.net
2021-12-03 02:24:23,822 INFO scheduler Scheduled Job Start: frappe.utils.global_search.sync_global_search for drabiz.net
2021-12-03 02:24:24,025 INFO scheduler Scheduled Job Complete: frappe.utils.global_search.sync_global_search for drabiz.net
2021-12-03 02:24:24,100 INFO scheduler Scheduled Job Start: frappe.integrations.doctype.razorpay_settings.razorpay_settings.capture_payment for drabiz.net
2021-12-03 02:24:24,396 INFO scheduler Scheduled Job Complete: frappe.integrations.doctype.razorpay_settings.razorpay_settings.capture_payment for drabiz.net
2021-12-03 02:24:24,462 INFO scheduler Scheduled Job Start: frappe.email.doctype.email_account.email_account.notify_unreplied for drabiz.net
2021-12-03 02:24:24,732 INFO scheduler Scheduled Job Complete: frappe.email.doctype.email_account.email_account.notify_unreplied for drabiz.net
2021-12-03 02:24:24,806 INFO scheduler Scheduled Job Start: frappe.email.doctype.email_account.email_account.pull for drabiz.net
2021-12-03 02:24:25,114 INFO scheduler Scheduled Job Complete: frappe.email.doctype.email_account.email_account.pull for drabiz.net
2021-12-03 02:24:25,201 INFO scheduler Scheduled Job Start: frappe.email.queue.flush for drabiz.net
2021-12-03 02:24:25,469 INFO scheduler Scheduled Job Complete: frappe.email.queue.flush for drabiz.net
2021-12-03 02:25:22,767 DEBUG scheduler Queued events for site drabiz.net
2021-12-03 02:26:23,154 DEBUG scheduler Queued events for site drabiz.net
2021-12-03 02:27:23,429 DEBUG scheduler Queued events for site drabiz.net
2021-12-03 02:28:23,702 INFO scheduler Scheduled Job Start: erpnext.crm.doctype.social_media_post.social_media_post.process_scheduled_social_media_posts for drabiz.net
2021-12-03 02:28:23,802 DEBUG scheduler Queued events for site drabiz.net
2021-12-03 02:28:23,973 INFO scheduler Scheduled Job Complete: erpnext.crm.doctype.social_media_post.social_media_post.process_scheduled_social_media_posts for drabiz.net
2021-12-03 02:28:24,051 INFO scheduler Scheduled Job Start: erpnext.hr.doctype.interview.interview.send_interview_reminder for drabiz.net
2021-12-03 02:28:24,302 INFO scheduler Scheduled Job Complete: erpnext.hr.doctype.interview.interview.send_interview_reminder for drabiz.net
2021-12-03 02:28:24,392 INFO scheduler Scheduled Job Start: erpnext.projects.doctype.project.project.project_status_update_reminder for drabiz.net
2021-12-03 02:28:24,803 INFO scheduler Scheduled Job Complete: erpnext.projects.doctype.project.project.project_status_update_reminder for drabiz.net
2021-12-03 02:28:24,905 INFO scheduler Scheduled Job Start: frappe.monitor.flush for drabiz.net
2021-12-03 02:28:25,130 INFO scheduler Scheduled Job Complete: frappe.monitor.flush for drabiz.net
2021-12-03 02:28:25,219 INFO scheduler Scheduled Job Start: frappe.utils.global_search.sync_global_search for drabiz.net
2021-12-03 02:28:25,408 INFO scheduler Scheduled Job Complete: frappe.utils.global_search.sync_global_search for drabiz.net
2021-12-03 02:28:25,493 INFO scheduler Scheduled Job Start: frappe.integrations.doctype.razorpay_settings.razorpay_settings.capture_payment for drabiz.net
2021-12-03 02:28:25,839 INFO scheduler Scheduled Job Complete: frappe.integrations.doctype.razorpay_settings.razorpay_settings.capture_payment for drabiz.net
2021-12-03 02:28:25,936 INFO scheduler Scheduled Job Start: frappe.email.doctype.email_account.email_account.notify_unreplied for drabiz.net
2021-12-03 02:28:26,232 INFO scheduler Scheduled Job Complete: frappe.email.doctype.email_account.email_account.notify_unreplied for drabiz.net
2021-12-03 02:28:26,320 INFO scheduler Scheduled Job Start: frappe.email.doctype.email_account.email_account.pull for drabiz.net
2021-12-03 02:28:26,633 INFO scheduler Scheduled Job Complete: frappe.email.doctype.email_account.email_account.pull for drabiz.net
2021-12-03 02:28:26,730 INFO scheduler Scheduled Job Start: frappe.email.queue.flush for drabiz.net
2021-12-03 02:28:27,012 INFO scheduler Scheduled Job Complete: frappe.email.queue.flush for drabiz.net
2021-12-03 02:29:24,180 DEBUG scheduler Queued events for site drabiz.net
2021-12-03 02:30:24,573 INFO scheduler Scheduled Job Start: erpnext.utilities.doctype.video.video.update_youtube_data for drabiz.net
2021-12-03 02:30:24,664 DEBUG scheduler Queued events for site drabiz.net
2021-12-03 02:30:25,001 INFO scheduler Scheduled Job Complete: erpnext.utilities.doctype.video.video.update_youtube_data for drabiz.net
2021-12-03 02:30:25,090 INFO scheduler Scheduled Job Start: frappe.twofactor.delete_all_barcodes_for_users for drabiz.net
2021-12-03 02:30:25,406 INFO scheduler Scheduled Job Complete: frappe.twofactor.delete_all_barcodes_for_users for drabiz.net
2021-12-03 02:30:25,487 INFO scheduler Scheduled Job Start: frappe.website.doctype.web_page.web_page.check_publish_status for drabiz.net
2021-12-03 02:30:25,866 INFO scheduler Scheduled Job Complete: frappe.website.doctype.web_page.web_page.check_publish_status for drabiz.net
2021-12-03 02:30:26,007 INFO scheduler Scheduled Job Start: frappe.oauth.delete_oauth2_data for drabiz.net
2021-12-03 02:30:26,370 INFO scheduler Scheduled Job Complete: frappe.oauth.delete_oauth2_data for drabiz.net
2021-12-03 02:31:25,079 DEBUG scheduler Queued events for site drabiz.net
2021-12-03 02:32:25,474 INFO scheduler Scheduled Job Start: erpnext.crm.doctype.social_media_post.social_media_post.process_scheduled_social_media_posts for drabiz.net
2021-12-03 02:32:25,751 DEBUG scheduler Queued events for site drabiz.net
2021-12-03 02:32:25,764 INFO scheduler Scheduled Job Complete: erpnext.crm.doctype.social_media_post.social_media_post.process_scheduled_social_media_posts for drabiz.net
2021-12-03 02:32:25,853 INFO scheduler Scheduled Job Start: erpnext.hr.doctype.interview.interview.send_interview_reminder for drabiz.net
2021-12-03 02:32:26,129 INFO scheduler Scheduled Job Complete: erpnext.hr.doctype.interview.interview.send_interview_reminder for drabiz.net
2021-12-03 02:32:26,215 INFO scheduler Scheduled Job Start: erpnext.projects.doctype.project.project.project_status_update_reminder for drabiz.net
2021-12-03 02:32:26,595 INFO scheduler Scheduled Job Complete: erpnext.projects.doctype.project.project.project_status_update_reminder for drabiz.net
2021-12-03 02:32:26,686 INFO scheduler Scheduled Job Start: frappe.monitor.flush for drabiz.net
2021-12-03 02:32:26,893 INFO scheduler Scheduled Job Complete: frappe.monitor.flush for drabiz.net
2021-12-03 02:32:26,979 INFO scheduler Scheduled Job Start: frappe.utils.global_search.sync_global_search for drabiz.net
2021-12-03 02:32:27,201 INFO scheduler Scheduled Job Complete: frappe.utils.global_search.sync_global_search for drabiz.net
2021-12-03 02:32:27,282 INFO scheduler Scheduled Job Start: frappe.integrations.doctype.razorpay_settings.razorpay_settings.capture_payment for drabiz.net
2021-12-03 02:32:27,617 INFO scheduler Scheduled Job Complete: frappe.integrations.doctype.razorpay_settings.razorpay_settings.capture_payment for drabiz.net
2021-12-03 02:32:27,703 INFO scheduler Scheduled Job Start: frappe.email.doctype.email_account.email_account.notify_unreplied for drabiz.net
2021-12-03 02:32:27,971 INFO scheduler Scheduled Job Complete: frappe.email.doctype.email_account.email_account.notify_unreplied for drabiz.net
2021-12-03 02:32:28,073 INFO scheduler Scheduled Job Start: frappe.email.doctype.email_account.email_account.pull for drabiz.net
2021-12-03 02:32:28,346 INFO scheduler Scheduled Job Complete: frappe.email.doctype.email_account.email_account.pull for drabiz.net
2021-12-03 02:32:28,427 INFO scheduler Scheduled Job Start: frappe.email.queue.flush for drabiz.net
2021-12-03 02:32:28,653 INFO scheduler Scheduled Job Complete: frappe.email.queue.flush for drabiz.net
2021-12-03 02:33:26,089 DEBUG scheduler Queued events for site drabiz.net
2021-12-03 02:34:26,435 DEBUG scheduler Queued events for site drabiz.net
2021-12-03 02:35:26,917 DEBUG scheduler Queued events for site drabiz.net
2021-12-03 02:36:27,427 DEBUG scheduler Queued events for site drabiz.net
2021-12-03 02:36:27,629 INFO scheduler Scheduled Job Start: erpnext.crm.doctype.social_media_post.social_media_post.process_scheduled_social_media_posts for drabiz.net
2021-12-03 02:36:28,079 INFO scheduler Scheduled Job Complete: erpnext.crm.doctype.social_media_post.social_media_post.process_scheduled_social_media_posts for drabiz.net
2021-12-03 02:36:28,158 INFO scheduler Scheduled Job Start: erpnext.hr.doctype.interview.interview.send_interview_reminder for drabiz.net
2021-12-03 02:36:28,418 INFO scheduler Scheduled Job Complete: erpnext.hr.doctype.interview.interview.send_interview_reminder for drabiz.net
2021-12-03 02:36:28,490 INFO scheduler Scheduled Job Start: erpnext.projects.doctype.project.project.project_status_update_reminder for drabiz.net
2021-12-03 02:36:28,954 INFO scheduler Scheduled Job Complete: erpnext.projects.doctype.project.project.project_status_update_reminder for drabiz.net
2021-12-03 02:36:29,049 INFO scheduler Scheduled Job Start: frappe.monitor.flush for drabiz.net
2021-12-03 02:36:29,251 INFO scheduler Scheduled Job Complete: frappe.monitor.flush for drabiz.net
2021-12-03 02:36:29,329 INFO scheduler Scheduled Job Start: frappe.utils.global_search.sync_global_search for drabiz.net
2021-12-03 02:36:29,522 INFO scheduler Scheduled Job Complete: frappe.utils.global_search.sync_global_search for drabiz.net
2021-12-03 02:36:29,601 INFO scheduler Scheduled Job Start: frappe.integrations.doctype.razorpay_settings.razorpay_settings.capture_payment for drabiz.net
2021-12-03 02:36:30,022 INFO scheduler Scheduled Job Complete: frappe.integrations.doctype.razorpay_settings.razorpay_settings.capture_payment for drabiz.net
2021-12-03 02:36:30,105 INFO scheduler Scheduled Job Start: frappe.email.doctype.email_account.email_account.notify_unreplied for drabiz.net
2021-12-03 02:36:30,368 INFO scheduler Scheduled Job Complete: frappe.email.doctype.email_account.email_account.notify_unreplied for drabiz.net
2021-12-03 02:36:30,447 INFO scheduler Scheduled Job Start: frappe.email.doctype.email_account.email_account.pull for drabiz.net
2021-12-03 02:36:30,709 INFO scheduler Scheduled Job Complete: frappe.email.doctype.email_account.email_account.pull for drabiz.net
2021-12-03 02:36:30,790 INFO scheduler Scheduled Job Start: frappe.email.queue.flush for drabiz.net
2021-12-03 02:36:31,045 INFO scheduler Scheduled Job Complete: frappe.email.queue.flush for drabiz.net
2021-12-03 02:37:27,773 DEBUG scheduler Queued events for site drabiz.net
2021-12-03 02:38:28,118 DEBUG scheduler Queued events for site drabiz.net
2021-12-03 02:39:28,481 DEBUG scheduler Queued events for site drabiz.net
2021-12-03 02:40:28,897 INFO scheduler Scheduled Job Start: erpnext.crm.doctype.social_media_post.social_media_post.process_scheduled_social_media_posts for drabiz.net
2021-12-03 02:40:28,910 DEBUG scheduler Queued events for site drabiz.net
2021-12-03 02:40:29,254 INFO scheduler Scheduled Job Complete: erpnext.crm.doctype.social_media_post.social_media_post.process_scheduled_social_media_posts for drabiz.net
2021-12-03 02:40:29,326 INFO scheduler Scheduled Job Start: erpnext.hr.doctype.interview.interview.send_interview_reminder for drabiz.net
2021-12-03 02:40:29,629 INFO scheduler Scheduled Job Complete: erpnext.hr.doctype.interview.interview.send_interview_reminder for drabiz.net
2021-12-03 02:40:29,733 INFO scheduler Scheduled Job Start: erpnext.projects.doctype.project.project.project_status_update_reminder for drabiz.net
2021-12-03 02:40:30,128 INFO scheduler Scheduled Job Complete: erpnext.projects.doctype.project.project.project_status_update_reminder for drabiz.net
2021-12-03 02:40:30,221 INFO scheduler Scheduled Job Start: frappe.monitor.flush for drabiz.net
2021-12-03 02:40:30,461 INFO scheduler Scheduled Job Complete: frappe.monitor.flush for drabiz.net
2021-12-03 02:40:30,549 INFO scheduler Scheduled Job Start: frappe.utils.global_search.sync_global_search for drabiz.net
2021-12-03 02:40:30,788 INFO scheduler Scheduled Job Complete: frappe.utils.global_search.sync_global_search for drabiz.net
2021-12-03 02:40:30,877 INFO scheduler Scheduled Job Start: frappe.integrations.doctype.razorpay_settings.razorpay_settings.capture_payment for drabiz.net
2021-12-03 02:40:31,279 INFO scheduler Scheduled Job Complete: frappe.integrations.doctype.razorpay_settings.razorpay_settings.capture_payment for drabiz.net
2021-12-03 02:40:31,367 INFO scheduler Scheduled Job Start: frappe.email.doctype.email_account.email_account.notify_unreplied for drabiz.net
2021-12-03 02:40:31,665 INFO scheduler Scheduled Job Complete: frappe.email.doctype.email_account.email_account.notify_unreplied for drabiz.net
2021-12-03 02:40:31,732 INFO scheduler Scheduled Job Start: frappe.email.doctype.email_account.email_account.pull for drabiz.net
2021-12-03 02:40:32,004 INFO scheduler Scheduled Job Complete: frappe.email.doctype.email_account.email_account.pull for drabiz.net
2021-12-03 02:40:32,083 INFO scheduler Scheduled Job Start: frappe.email.queue.flush for drabiz.net
2021-12-03 02:40:32,316 INFO scheduler Scheduled Job Complete: frappe.email.queue.flush for drabiz.net
2021-12-03 02:41:29,286 DEBUG scheduler Queued events for site drabiz.net
2021-12-03 02:42:29,761 DEBUG scheduler Queued events for site drabiz.net
2021-12-03 02:43:30,288 DEBUG scheduler Queued events for site drabiz.net
2021-12-03 02:44:30,633 INFO scheduler Scheduled Job Start: erpnext.crm.doctype.social_media_post.social_media_post.process_scheduled_social_media_posts for drabiz.net
2021-12-03 02:44:30,721 DEBUG scheduler Queued events for site drabiz.net
2021-12-03 02:44:30,920 INFO scheduler Scheduled Job Complete: erpnext.crm.doctype.social_media_post.social_media_post.process_scheduled_social_media_posts for drabiz.net
2021-12-03 02:44:30,996 INFO scheduler Scheduled Job Start: erpnext.hr.doctype.interview.interview.send_interview_reminder for drabiz.net
2021-12-03 02:44:31,243 INFO scheduler Scheduled Job Complete: erpnext.hr.doctype.interview.interview.send_interview_reminder for drabiz.net
2021-12-03 02:44:31,332 INFO scheduler Scheduled Job Start: erpnext.projects.doctype.project.project.project_status_update_reminder for drabiz.net
2021-12-03 02:44:31,685 INFO scheduler Scheduled Job Complete: erpnext.projects.doctype.project.project.project_status_update_reminder for drabiz.net
2021-12-03 02:44:31,763 INFO scheduler Scheduled Job Start: frappe.monitor.flush for drabiz.net
2021-12-03 02:44:31,950 INFO scheduler Scheduled Job Complete: frappe.monitor.flush for drabiz.net
2021-12-03 02:44:32,037 INFO scheduler Scheduled Job Start: frappe.utils.global_search.sync_global_search for drabiz.net
2021-12-03 02:44:32,247 INFO scheduler Scheduled Job Complete: frappe.utils.global_search.sync_global_search for drabiz.net
2021-12-03 02:44:32,322 INFO scheduler Scheduled Job Start: frappe.integrations.doctype.razorpay_settings.razorpay_settings.capture_payment for drabiz.net
2021-12-03 02:44:32,680 INFO scheduler Scheduled Job Complete: frappe.integrations.doctype.razorpay_settings.razorpay_settings.capture_payment for drabiz.net
2021-12-03 02:44:32,768 INFO scheduler Scheduled Job Start: frappe.email.doctype.email_account.email_account.notify_unreplied for drabiz.net
2021-12-03 02:44:33,050 INFO scheduler Scheduled Job Complete: frappe.email.doctype.email_account.email_account.notify_unreplied for drabiz.net
2021-12-03 02:44:33,123 INFO scheduler Scheduled Job Start: frappe.email.doctype.email_account.email_account.pull for drabiz.net
2021-12-03 02:44:33,389 INFO scheduler Scheduled Job Complete: frappe.email.doctype.email_account.email_account.pull for drabiz.net
2021-12-03 02:44:33,473 INFO scheduler Scheduled Job Start: frappe.email.queue.flush for drabiz.net
2021-12-03 02:44:33,751 INFO scheduler Scheduled Job Complete: frappe.email.queue.flush for drabiz.net
2021-12-03 02:45:31,237 DEBUG scheduler Queued events for site drabiz.net
2021-12-03 02:45:31,531 INFO scheduler Scheduled Job Start: frappe.twofactor.delete_all_barcodes_for_users for drabiz.net
2021-12-03 02:45:32,362 INFO scheduler Scheduled Job Complete: frappe.twofactor.delete_all_barcodes_for_users for drabiz.net
2021-12-03 02:45:32,465 INFO scheduler Scheduled Job Start: frappe.website.doctype.web_page.web_page.check_publish_status for drabiz.net
2021-12-03 02:45:33,091 INFO scheduler Scheduled Job Complete: frappe.website.doctype.web_page.web_page.check_publish_status for drabiz.net
2021-12-03 02:45:33,219 INFO scheduler Scheduled Job Start: frappe.oauth.delete_oauth2_data for drabiz.net
2021-12-03 02:45:33,515 INFO scheduler Scheduled Job Complete: frappe.oauth.delete_oauth2_data for drabiz.net
2021-12-03 02:46:31,973 DEBUG scheduler Queued events for site drabiz.net
2021-12-03 02:47:32,567 DEBUG scheduler Queued events for site drabiz.net
2021-12-03 02:48:33,044 INFO scheduler Scheduled Job Start: erpnext.crm.doctype.social_media_post.social_media_post.process_scheduled_social_media_posts for drabiz.net
2021-12-03 02:48:33,196 DEBUG scheduler Queued events for site drabiz.net
2021-12-03 02:48:33,345 INFO scheduler Scheduled Job Complete: erpnext.crm.doctype.social_media_post.social_media_post.process_scheduled_social_media_posts for drabiz.net
2021-12-03 02:48:33,432 INFO scheduler Scheduled Job Start: erpnext.hr.doctype.interview.interview.send_interview_reminder for drabiz.net
2021-12-03 02:48:33,675 INFO scheduler Scheduled Job Complete: erpnext.hr.doctype.interview.interview.send_interview_reminder for drabiz.net
2021-12-03 02:48:33,748 INFO scheduler Scheduled Job Start: erpnext.projects.doctype.project.project.project_status_update_reminder for drabiz.net
2021-12-03 02:48:34,104 INFO scheduler Scheduled Job Complete: erpnext.projects.doctype.project.project.project_status_update_reminder for drabiz.net
2021-12-03 02:48:34,186 INFO scheduler Scheduled Job Start: frappe.monitor.flush for drabiz.net
2021-12-03 02:48:34,389 INFO scheduler Scheduled Job Complete: frappe.monitor.flush for drabiz.net
2021-12-03 02:48:34,459 INFO scheduler Scheduled Job Start: frappe.utils.global_search.sync_global_search for drabiz.net
2021-12-03 02:48:34,672 INFO scheduler Scheduled Job Complete: frappe.utils.global_search.sync_global_search for drabiz.net
2021-12-03 02:48:34,756 INFO scheduler Scheduled Job Start: frappe.integrations.doctype.razorpay_settings.razorpay_settings.capture_payment for drabiz.net
2021-12-03 02:48:35,096 INFO scheduler Scheduled Job Complete: frappe.integrations.doctype.razorpay_settings.razorpay_settings.capture_payment for drabiz.net
2021-12-03 02:48:35,181 INFO scheduler Scheduled Job Start: frappe.email.doctype.email_account.email_account.notify_unreplied for drabiz.net
2021-12-03 02:48:35,432 INFO scheduler Scheduled Job Complete: frappe.email.doctype.email_account.email_account.notify_unreplied for drabiz.net
2021-12-03 02:48:35,506 INFO scheduler Scheduled Job Start: frappe.email.doctype.email_account.email_account.pull for drabiz.net
2021-12-03 02:48:35,766 INFO scheduler Scheduled Job Complete: frappe.email.doctype.email_account.email_account.pull for drabiz.net
2021-12-03 02:48:35,838 INFO scheduler Scheduled Job Start: frappe.email.queue.flush for drabiz.net
2021-12-03 02:48:36,072 INFO scheduler Scheduled Job Complete: frappe.email.queue.flush for drabiz.net
2021-12-03 02:49:33,540 DEBUG scheduler Queued events for site drabiz.net
2021-12-03 02:50:33,883 DEBUG scheduler Queued events for site drabiz.net
2021-12-03 02:51:34,271 DEBUG scheduler Queued events for site drabiz.net
2021-12-03 02:52:34,627 INFO scheduler Scheduled Job Start: erpnext.crm.doctype.social_media_post.social_media_post.process_scheduled_social_media_posts for drabiz.net
2021-12-03 02:52:34,737 DEBUG scheduler Queued events for site drabiz.net
2021-12-03 02:52:34,910 INFO scheduler Scheduled Job Complete: erpnext.crm.doctype.social_media_post.social_media_post.process_scheduled_social_media_posts for drabiz.net
2021-12-03 02:52:34,996 INFO scheduler Scheduled Job Start: erpnext.hr.doctype.interview.interview.send_interview_reminder for drabiz.net
2021-12-03 02:52:35,234 INFO scheduler Scheduled Job Complete: erpnext.hr.doctype.interview.interview.send_interview_reminder for drabiz.net
2021-12-03 02:52:35,334 INFO scheduler Scheduled Job Start: erpnext.projects.doctype.project.project.project_status_update_reminder for drabiz.net
2021-12-03 02:52:35,715 INFO scheduler Scheduled Job Complete: erpnext.projects.doctype.project.project.project_status_update_reminder for drabiz.net
2021-12-03 02:52:35,813 INFO scheduler Scheduled Job Start: frappe.monitor.flush for drabiz.net
2021-12-03 02:52:36,030 INFO scheduler Scheduled Job Complete: frappe.monitor.flush for drabiz.net
2021-12-03 02:52:36,131 INFO scheduler Scheduled Job Start: frappe.utils.global_search.sync_global_search for drabiz.net
2021-12-03 02:52:36,350 INFO scheduler Scheduled Job Complete: frappe.utils.global_search.sync_global_search for drabiz.net
2021-12-03 02:52:36,430 INFO scheduler Scheduled Job Start: frappe.integrations.doctype.razorpay_settings.razorpay_settings.capture_payment for drabiz.net
2021-12-03 02:52:36,788 INFO scheduler Scheduled Job Complete: frappe.integrations.doctype.razorpay_settings.razorpay_settings.capture_payment for drabiz.net
2021-12-03 02:52:36,884 INFO scheduler Scheduled Job Start: frappe.email.doctype.email_account.email_account.notify_unreplied for drabiz.net
2021-12-03 02:52:37,132 INFO scheduler Scheduled Job Complete: frappe.email.doctype.email_account.email_account.notify_unreplied for drabiz.net
2021-12-03 02:52:37,210 INFO scheduler Scheduled Job Start: frappe.email.doctype.email_account.email_account.pull for drabiz.net
2021-12-03 02:52:37,485 INFO scheduler Scheduled Job Complete: frappe.email.doctype.email_account.email_account.pull for drabiz.net
2021-12-03 02:52:37,561 INFO scheduler Scheduled Job Start: frappe.email.queue.flush for drabiz.net
2021-12-03 02:52:37,817 INFO scheduler Scheduled Job Complete: frappe.email.queue.flush for drabiz.net
2021-12-03 02:53:35,121 DEBUG scheduler Queued events for site drabiz.net
2021-12-03 02:54:35,444 DEBUG scheduler Queued events for site drabiz.net
2021-12-03 02:55:35,785 DEBUG scheduler Queued events for site drabiz.net
2021-12-03 02:56:36,222 INFO scheduler Scheduled Job Start: erpnext.crm.doctype.social_media_post.social_media_post.process_scheduled_social_media_posts for drabiz.net
2021-12-03 02:56:36,366 DEBUG scheduler Queued events for site drabiz.net
2021-12-03 02:56:36,529 INFO scheduler Scheduled Job Complete: erpnext.crm.doctype.social_media_post.social_media_post.process_scheduled_social_media_posts for drabiz.net
2021-12-03 02:56:36,607 INFO scheduler Scheduled Job Start: erpnext.hr.doctype.interview.interview.send_interview_reminder for drabiz.net
2021-12-03 02:56:36,851 INFO scheduler Scheduled Job Complete: erpnext.hr.doctype.interview.interview.send_interview_reminder for drabiz.net
2021-12-03 02:56:36,977 INFO scheduler Scheduled Job Start: erpnext.projects.doctype.project.project.project_status_update_reminder for drabiz.net
2021-12-03 02:56:37,394 INFO scheduler Scheduled Job Complete: erpnext.projects.doctype.project.project.project_status_update_reminder for drabiz.net
2021-12-03 02:56:37,489 INFO scheduler Scheduled Job Start: frappe.monitor.flush for drabiz.net
2021-12-03 02:56:37,738 INFO scheduler Scheduled Job Complete: frappe.monitor.flush for drabiz.net
2021-12-03 02:56:37,815 INFO scheduler Scheduled Job Start: frappe.utils.global_search.sync_global_search for drabiz.net
2021-12-03 02:56:38,039 INFO scheduler Scheduled Job Complete: frappe.utils.global_search.sync_global_search for drabiz.net
2021-12-03 02:56:38,110 INFO scheduler Scheduled Job Start: frappe.integrations.doctype.razorpay_settings.razorpay_settings.capture_payment for drabiz.net
2021-12-03 02:56:38,413 INFO scheduler Scheduled Job Complete: frappe.integrations.doctype.razorpay_settings.razorpay_settings.capture_payment for drabiz.net
2021-12-03 02:56:38,492 INFO scheduler Scheduled Job Start: frappe.email.doctype.email_account.email_account.notify_unreplied for drabiz.net
2021-12-03 02:56:38,774 INFO scheduler Scheduled Job Complete: frappe.email.doctype.email_account.email_account.notify_unreplied for drabiz.net
2021-12-03 02:56:38,879 INFO scheduler Scheduled Job Start: frappe.email.doctype.email_account.email_account.pull for drabiz.net
2021-12-03 02:56:39,159 INFO scheduler Scheduled Job Complete: frappe.email.doctype.email_account.email_account.pull for drabiz.net
2021-12-03 02:56:39,223 INFO scheduler Scheduled Job Start: frappe.email.queue.flush for drabiz.net
2021-12-03 02:56:39,502 INFO scheduler Scheduled Job Complete: frappe.email.queue.flush for drabiz.net
2021-12-03 02:57:36,754 DEBUG scheduler Queued events for site drabiz.net
2021-12-03 02:58:37,104 DEBUG scheduler Queued events for site drabiz.net
2021-12-03 02:59:37,596 DEBUG scheduler Queued events for site drabiz.net
2021-12-03 03:00:38,044 INFO scheduler Scheduled Job Start: erpnext.support.doctype.service_level_agreement.service_level_agreement.set_service_level_agreement_variance for drabiz.net
2021-12-03 03:00:38,204 INFO scheduler Scheduled Job Start: erpnext.stock.doctype.repost_item_valuation.repost_item_valuation.repost_entries for drabiz.net
2021-12-03 03:00:38,360 INFO scheduler Scheduled Job Failed: erpnext.support.doctype.service_level_agreement.service_level_agreement.set_service_level_agreement_variance for drabiz.net
2021-12-03 03:00:38,450 INFO scheduler Scheduled Job Start: erpnext.hr.doctype.shift_type.shift_type.process_auto_attendance_for_all_shifts for drabiz.net
2021-12-03 03:00:38,558 DEBUG scheduler Queued events for site drabiz.net
2021-12-03 03:00:38,764 INFO scheduler Scheduled Job Complete: erpnext.hr.doctype.shift_type.shift_type.process_auto_attendance_for_all_shifts for drabiz.net
2021-12-03 03:00:38,856 INFO scheduler Scheduled Job Start: erpnext.projects.doctype.project.project.collect_project_status for drabiz.net
2021-12-03 03:00:38,856 INFO scheduler Scheduled Job Complete: erpnext.stock.doctype.repost_item_valuation.repost_item_valuation.repost_entries for drabiz.net
2021-12-03 03:00:39,220 INFO scheduler Scheduled Job Complete: erpnext.projects.doctype.project.project.collect_project_status for drabiz.net
2021-12-03 03:00:39,336 INFO scheduler Scheduled Job Start: erpnext.projects.doctype.project.project.hourly_reminder for drabiz.net
2021-12-03 03:00:39,693 INFO scheduler Scheduled Job Complete: erpnext.projects.doctype.project.project.hourly_reminder for drabiz.net
2021-12-03 03:00:39,765 INFO scheduler Scheduled Job Start: erpnext.erpnext_integrations.doctype.plaid_settings.plaid_settings.automatic_synchronization for drabiz.net
2021-12-03 03:00:40,134 INFO scheduler Scheduled Job Complete: erpnext.erpnext_integrations.doctype.plaid_settings.plaid_settings.automatic_synchronization for drabiz.net
2021-12-03 03:00:40,215 INFO scheduler Scheduled Job Start: erpnext.accounts.doctype.gl_entry.gl_entry.rename_gle_sle_docs for drabiz.net
2021-12-03 03:00:40,536 INFO scheduler Scheduled Job Complete: erpnext.accounts.doctype.gl_entry.gl_entry.rename_gle_sle_docs for drabiz.net
2021-12-03 03:00:40,658 INFO scheduler Scheduled Job Start: erpnext.erpnext_integrations.doctype.amazon_mws_settings.amazon_mws_settings.schedule_get_order_details for drabiz.net
2021-12-03 03:00:40,959 INFO scheduler Scheduled Job Complete: erpnext.erpnext_integrations.doctype.amazon_mws_settings.amazon_mws_settings.schedule_get_order_details for drabiz.net
2021-12-03 03:00:41,034 INFO scheduler Scheduled Job Start: erpnext.accounts.doctype.subscription.subscription.process_all for drabiz.net
2021-12-03 03:00:41,298 INFO scheduler Scheduled Job Complete: erpnext.accounts.doctype.subscription.subscription.process_all for drabiz.net
2021-12-03 03:00:41,377 INFO scheduler Scheduled Job Start: erpnext.hr.doctype.daily_work_summary_group.daily_work_summary_group.trigger_emails for drabiz.net
2021-12-03 03:00:41,612 INFO scheduler Scheduled Job Complete: erpnext.hr.doctype.daily_work_summary_group.daily_work_summary_group.trigger_emails for drabiz.net
2021-12-03 03:00:41,685 INFO scheduler Scheduled Job Start: erpnext.crm.doctype.social_media_post.social_media_post.process_scheduled_social_media_posts for drabiz.net
2021-12-03 03:00:41,914 INFO scheduler Scheduled Job Complete: erpnext.crm.doctype.social_media_post.social_media_post.process_scheduled_social_media_posts for drabiz.net
2021-12-03 03:00:41,999 INFO scheduler Scheduled Job Start: erpnext.hr.doctype.interview.interview.send_interview_reminder for drabiz.net
2021-12-03 03:00:42,263 INFO scheduler Scheduled Job Complete: erpnext.hr.doctype.interview.interview.send_interview_reminder for drabiz.net
2021-12-03 03:00:42,354 INFO scheduler Scheduled Job Start: erpnext.projects.doctype.project.project.project_status_update_reminder for drabiz.net
2021-12-03 03:00:42,681 INFO scheduler Scheduled Job Complete: erpnext.projects.doctype.project.project.project_status_update_reminder for drabiz.net
2021-12-03 03:00:42,747 INFO scheduler Scheduled Job Start: erpnext.utilities.doctype.video.video.update_youtube_data for drabiz.net
2021-12-03 03:00:43,117 INFO scheduler Scheduled Job Failed: erpnext.utilities.doctype.video.video.update_youtube_data for drabiz.net
2021-12-03 03:00:43,240 INFO scheduler Scheduled Job Start: frappe.email.doctype.newsletter.newsletter.send_scheduled_email for drabiz.net
2021-12-03 03:00:43,745 INFO scheduler Scheduled Job Complete: frappe.email.doctype.newsletter.newsletter.send_scheduled_email for drabiz.net
2021-12-03 03:00:43,833 INFO scheduler Scheduled Job Start: frappe.integrations.doctype.google_calendar.google_calendar.sync for drabiz.net
2021-12-03 03:00:44,409 INFO scheduler Scheduled Job Complete: frappe.integrations.doctype.google_calendar.google_calendar.sync for drabiz.net
2021-12-03 03:00:44,481 INFO scheduler Scheduled Job Start: frappe.desk.form.document_follow.send_hourly_updates for drabiz.net
2021-12-03 03:00:44,740 INFO scheduler Scheduled Job Complete: frappe.desk.form.document_follow.send_hourly_updates for drabiz.net
2021-12-03 03:00:44,848 INFO scheduler Scheduled Job Start: frappe.deferred_insert.save_to_db for drabiz.net
2021-12-03 03:00:45,140 INFO scheduler Scheduled Job Complete: frappe.deferred_insert.save_to_db for drabiz.net
2021-12-03 03:00:45,251 INFO scheduler Scheduled Job Start: frappe.desk.page.backups.backups.delete_downloadable_backups for drabiz.net
2021-12-03 03:00:45,532 INFO scheduler Scheduled Job Complete: frappe.desk.page.backups.backups.delete_downloadable_backups for drabiz.net
2021-12-03 03:00:45,626 INFO scheduler Scheduled Job Start: frappe.utils.error.collect_error_snapshots for drabiz.net
2021-12-03 03:00:45,962 INFO scheduler Scheduled Job Complete: frappe.utils.error.collect_error_snapshots for drabiz.net
2021-12-03 03:00:46,074 INFO scheduler Scheduled Job Start: frappe.model.utils.user_settings.sync_user_settings for drabiz.net
2021-12-03 03:00:46,453 INFO scheduler Scheduled Job Complete: frappe.model.utils.user_settings.sync_user_settings for drabiz.net
2021-12-03 03:00:46,590 INFO scheduler Scheduled Job Start: frappe.model.utils.link_count.update_link_count for drabiz.net
2021-12-03 03:00:46,870 INFO scheduler Scheduled Job Complete: frappe.model.utils.link_count.update_link_count for drabiz.net
2021-12-03 03:00:46,955 INFO scheduler Scheduled Job Start: frappe.monitor.flush for drabiz.net
2021-12-03 03:00:47,156 INFO scheduler Scheduled Job Complete: frappe.monitor.flush for drabiz.net
2021-12-03 03:00:47,248 INFO scheduler Scheduled Job Start: frappe.utils.global_search.sync_global_search for drabiz.net
2021-12-03 03:00:47,471 INFO scheduler Scheduled Job Complete: frappe.utils.global_search.sync_global_search for drabiz.net
2021-12-03 03:00:47,563 INFO scheduler Scheduled Job Start: frappe.integrations.doctype.razorpay_settings.razorpay_settings.capture_payment for drabiz.net
2021-12-03 03:00:47,937 INFO scheduler Scheduled Job Complete: frappe.integrations.doctype.razorpay_settings.razorpay_settings.capture_payment for drabiz.net
2021-12-03 03:00:48,047 INFO scheduler Scheduled Job Start: frappe.email.doctype.email_account.email_account.notify_unreplied for drabiz.net
2021-12-03 03:00:48,299 INFO scheduler Scheduled Job Complete: frappe.email.doctype.email_account.email_account.notify_unreplied for drabiz.net
2021-12-03 03:00:48,373 INFO scheduler Scheduled Job Start: frappe.email.doctype.email_account.email_account.pull for drabiz.net
2021-12-03 03:00:48,645 INFO scheduler Scheduled Job Complete: frappe.email.doctype.email_account.email_account.pull for drabiz.net
2021-12-03 03:00:48,726 INFO scheduler Scheduled Job Start: frappe.email.queue.flush for drabiz.net
2021-12-03 03:00:48,974 INFO scheduler Scheduled Job Complete: frappe.email.queue.flush for drabiz.net
2021-12-03 03:00:49,063 INFO scheduler Scheduled Job Start: frappe.twofactor.delete_all_barcodes_for_users for drabiz.net
2021-12-03 03:00:49,424 INFO scheduler Scheduled Job Complete: frappe.twofactor.delete_all_barcodes_for_users for drabiz.net
2021-12-03 03:00:49,523 INFO scheduler Scheduled Job Start: frappe.website.doctype.web_page.web_page.check_publish_status for drabiz.net
2021-12-03 03:00:49,886 INFO scheduler Scheduled Job Complete: frappe.website.doctype.web_page.web_page.check_publish_status for drabiz.net
2021-12-03 03:00:49,968 INFO scheduler Scheduled Job Start: frappe.oauth.delete_oauth2_data for drabiz.net
2021-12-03 03:00:50,261 INFO scheduler Scheduled Job Complete: frappe.oauth.delete_oauth2_data for drabiz.net
2021-12-03 03:01:38,885 DEBUG scheduler Queued events for site drabiz.net
2021-12-03 03:02:39,182 DEBUG scheduler Queued events for site drabiz.net
2021-12-03 03:03:39,540 DEBUG scheduler Queued events for site drabiz.net
2021-12-03 03:04:39,867 INFO scheduler Scheduled Job Start: erpnext.crm.doctype.social_media_post.social_media_post.process_scheduled_social_media_posts for drabiz.net
2021-12-03 03:04:39,926 DEBUG scheduler Queued events for site drabiz.net
2021-12-03 03:04:40,161 INFO scheduler Scheduled Job Complete: erpnext.crm.doctype.social_media_post.social_media_post.process_scheduled_social_media_posts for drabiz.net
2021-12-03 03:04:40,236 INFO scheduler Scheduled Job Start: erpnext.hr.doctype.interview.interview.send_interview_reminder for drabiz.net
2021-12-03 03:04:40,463 INFO scheduler Scheduled Job Complete: erpnext.hr.doctype.interview.interview.send_interview_reminder for drabiz.net
2021-12-03 03:04:40,536 INFO scheduler Scheduled Job Start: erpnext.projects.doctype.project.project.project_status_update_reminder for drabiz.net
2021-12-03 03:04:40,909 INFO scheduler Scheduled Job Complete: erpnext.projects.doctype.project.project.project_status_update_reminder for drabiz.net
2021-12-03 03:04:40,994 INFO scheduler Scheduled Job Start: frappe.monitor.flush for drabiz.net
2021-12-03 03:04:41,226 INFO scheduler Scheduled Job Complete: frappe.monitor.flush for drabiz.net
2021-12-03 03:04:41,301 INFO scheduler Scheduled Job Start: frappe.utils.global_search.sync_global_search for drabiz.net
2021-12-03 03:04:41,488 INFO scheduler Scheduled Job Complete: frappe.utils.global_search.sync_global_search for drabiz.net
2021-12-03 03:04:41,558 INFO scheduler Scheduled Job Start: frappe.integrations.doctype.razorpay_settings.razorpay_settings.capture_payment for drabiz.net
2021-12-03 03:04:41,917 INFO scheduler Scheduled Job Complete: frappe.integrations.doctype.razorpay_settings.razorpay_settings.capture_payment for drabiz.net
2021-12-03 03:04:42,005 INFO scheduler Scheduled Job Start: frappe.email.doctype.email_account.email_account.notify_unreplied for drabiz.net
2021-12-03 03:04:42,277 INFO scheduler Scheduled Job Complete: frappe.email.doctype.email_account.email_account.notify_unreplied for drabiz.net
2021-12-03 03:04:42,352 INFO scheduler Scheduled Job Start: frappe.email.doctype.email_account.email_account.pull for drabiz.net
2021-12-03 03:04:42,622 INFO scheduler Scheduled Job Complete: frappe.email.doctype.email_account.email_account.pull for drabiz.net
2021-12-03 03:04:42,714 INFO scheduler Scheduled Job Start: frappe.email.queue.flush for drabiz.net
2021-12-03 03:04:42,951 INFO scheduler Scheduled Job Complete: frappe.email.queue.flush for drabiz.net
2021-12-03 03:05:40,322 DEBUG scheduler Queued events for site drabiz.net
2021-12-03 03:06:40,709 DEBUG scheduler Queued events for site drabiz.net
2021-12-03 03:07:41,558 DEBUG scheduler Queued events for site drabiz.net
2021-12-03 03:08:41,879 INFO scheduler Scheduled Job Start: erpnext.crm.doctype.social_media_post.social_media_post.process_scheduled_social_media_posts for drabiz.net
2021-12-03 03:08:41,942 DEBUG scheduler Queued events for site drabiz.net
2021-12-03 03:08:42,160 INFO scheduler Scheduled Job Complete: erpnext.crm.doctype.social_media_post.social_media_post.process_scheduled_social_media_posts for drabiz.net
2021-12-03 03:08:42,235 INFO scheduler Scheduled Job Start: erpnext.hr.doctype.interview.interview.send_interview_reminder for drabiz.net
2021-12-03 03:08:42,463 INFO scheduler Scheduled Job Complete: erpnext.hr.doctype.interview.interview.send_interview_reminder for drabiz.net
2021-12-03 03:08:42,549 INFO scheduler Scheduled Job Start: erpnext.projects.doctype.project.project.project_status_update_reminder for drabiz.net
2021-12-03 03:08:42,927 INFO scheduler Scheduled Job Complete: erpnext.projects.doctype.project.project.project_status_update_reminder for drabiz.net
2021-12-03 03:08:42,997 INFO scheduler Scheduled Job Start: frappe.monitor.flush for drabiz.net
2021-12-03 03:08:43,171 INFO scheduler Scheduled Job Complete: frappe.monitor.flush for drabiz.net
2021-12-03 03:08:43,252 INFO scheduler Scheduled Job Start: frappe.utils.global_search.sync_global_search for drabiz.net
2021-12-03 03:08:43,454 INFO scheduler Scheduled Job Complete: frappe.utils.global_search.sync_global_search for drabiz.net
2021-12-03 03:08:43,526 INFO scheduler Scheduled Job Start: frappe.integrations.doctype.razorpay_settings.razorpay_settings.capture_payment for drabiz.net
2021-12-03 03:08:43,862 INFO scheduler Scheduled Job Complete: frappe.integrations.doctype.razorpay_settings.razorpay_settings.capture_payment for drabiz.net
2021-12-03 03:08:43,945 INFO scheduler Scheduled Job Start: frappe.email.doctype.email_account.email_account.notify_unreplied for drabiz.net
2021-12-03 03:08:44,202 INFO scheduler Scheduled Job Complete: frappe.email.doctype.email_account.email_account.notify_unreplied for drabiz.net
2021-12-03 03:08:44,284 INFO scheduler Scheduled Job Start: frappe.email.doctype.email_account.email_account.pull for drabiz.net
2021-12-03 03:08:44,537 INFO scheduler Scheduled Job Complete: frappe.email.doctype.email_account.email_account.pull for drabiz.net
2021-12-03 03:08:44,616 INFO scheduler Scheduled Job Start: frappe.email.queue.flush for drabiz.net
2021-12-03 03:08:44,859 INFO scheduler Scheduled Job Complete: frappe.email.queue.flush for drabiz.net
2021-12-03 03:09:42,309 DEBUG scheduler Queued events for site drabiz.net
2021-12-03 03:10:42,567 DEBUG scheduler Queued events for site drabiz.net
2021-12-03 03:11:42,875 DEBUG scheduler Queued events for site drabiz.net
2021-12-03 03:12:43,175 INFO scheduler Scheduled Job Start: erpnext.crm.doctype.social_media_post.social_media_post.process_scheduled_social_media_posts for drabiz.net
2021-12-03 03:12:43,257 DEBUG scheduler Queued events for site drabiz.net
2021-12-03 03:12:43,452 INFO scheduler Scheduled Job Complete: erpnext.crm.doctype.social_media_post.social_media_post.process_scheduled_social_media_posts for drabiz.net
2021-12-03 03:12:43,525 INFO scheduler Scheduled Job Start: erpnext.hr.doctype.interview.interview.send_interview_reminder for drabiz.net
2021-12-03 03:12:43,765 INFO scheduler Scheduled Job Complete: erpnext.hr.doctype.interview.interview.send_interview_reminder for drabiz.net
2021-12-03 03:12:43,839 INFO scheduler Scheduled Job Start: erpnext.projects.doctype.project.project.project_status_update_reminder for drabiz.net
2021-12-03 03:12:44,161 INFO scheduler Scheduled Job Complete: erpnext.projects.doctype.project.project.project_status_update_reminder for drabiz.net
2021-12-03 03:12:44,236 INFO scheduler Scheduled Job Start: frappe.monitor.flush for drabiz.net
2021-12-03 03:12:44,441 INFO scheduler Scheduled Job Complete: frappe.monitor.flush for drabiz.net
2021-12-03 03:12:44,522 INFO scheduler Scheduled Job Start: frappe.utils.global_search.sync_global_search for drabiz.net
2021-12-03 03:12:44,706 INFO scheduler Scheduled Job Complete: frappe.utils.global_search.sync_global_search for drabiz.net
2021-12-03 03:12:44,779 INFO scheduler Scheduled Job Start: frappe.integrations.doctype.razorpay_settings.razorpay_settings.capture_payment for drabiz.net
2021-12-03 03:12:45,105 INFO scheduler Scheduled Job Complete: frappe.integrations.doctype.razorpay_settings.razorpay_settings.capture_payment for drabiz.net
2021-12-03 03:12:45,172 INFO scheduler Scheduled Job Start: frappe.email.doctype.email_account.email_account.notify_unreplied for drabiz.net
2021-12-03 03:12:45,412 INFO scheduler Scheduled Job Complete: frappe.email.doctype.email_account.email_account.notify_unreplied for drabiz.net
2021-12-03 03:12:45,484 INFO scheduler Scheduled Job Start: frappe.email.doctype.email_account.email_account.pull for drabiz.net
2021-12-03 03:12:45,733 INFO scheduler Scheduled Job Complete: frappe.email.doctype.email_account.email_account.pull for drabiz.net
2021-12-03 03:12:45,798 INFO scheduler Scheduled Job Start: frappe.email.queue.flush for drabiz.net
2021-12-03 03:12:46,003 INFO scheduler Scheduled Job Complete: frappe.email.queue.flush for drabiz.net
2021-12-03 03:13:43,599 DEBUG scheduler Queued events for site drabiz.net
2021-12-03 03:18:44,312 INFO scheduler Scheduled Job Start: erpnext.crm.doctype.social_media_post.social_media_post.process_scheduled_social_media_posts for drabiz.net
2021-12-03 03:18:44,435 DEBUG scheduler Queued events for site drabiz.net
2021-12-03 03:18:44,714 INFO scheduler Scheduled Job Complete: erpnext.crm.doctype.social_media_post.social_media_post.process_scheduled_social_media_posts for drabiz.net
2021-12-03 03:18:44,798 INFO scheduler Scheduled Job Start: erpnext.hr.doctype.interview.interview.send_interview_reminder for drabiz.net
2021-12-03 03:18:45,153 INFO scheduler Scheduled Job Complete: erpnext.hr.doctype.interview.interview.send_interview_reminder for drabiz.net
2021-12-03 03:18:45,219 INFO scheduler Scheduled Job Start: erpnext.projects.doctype.project.project.project_status_update_reminder for drabiz.net
2021-12-03 03:18:45,641 INFO scheduler Scheduled Job Complete: erpnext.projects.doctype.project.project.project_status_update_reminder for drabiz.net
2021-12-03 03:18:45,719 INFO scheduler Scheduled Job Start: frappe.monitor.flush for drabiz.net
2021-12-03 03:18:45,916 INFO scheduler Scheduled Job Complete: frappe.monitor.flush for drabiz.net
2021-12-03 03:18:45,996 INFO scheduler Scheduled Job Start: frappe.utils.global_search.sync_global_search for drabiz.net
2021-12-03 03:18:46,211 INFO scheduler Scheduled Job Complete: frappe.utils.global_search.sync_global_search for drabiz.net
2021-12-03 03:18:46,296 INFO scheduler Scheduled Job Start: frappe.integrations.doctype.razorpay_settings.razorpay_settings.capture_payment for drabiz.net
2021-12-03 03:18:46,682 INFO scheduler Scheduled Job Complete: frappe.integrations.doctype.razorpay_settings.razorpay_settings.capture_payment for drabiz.net
2021-12-03 03:18:46,775 INFO scheduler Scheduled Job Start: frappe.email.doctype.email_account.email_account.notify_unreplied for drabiz.net
2021-12-03 03:18:47,092 INFO scheduler Scheduled Job Complete: frappe.email.doctype.email_account.email_account.notify_unreplied for drabiz.net
2021-12-03 03:18:47,174 INFO scheduler Scheduled Job Start: frappe.email.doctype.email_account.email_account.pull for drabiz.net
2021-12-03 03:18:47,420 INFO scheduler Scheduled Job Complete: frappe.email.doctype.email_account.email_account.pull for drabiz.net
2021-12-03 03:18:47,495 INFO scheduler Scheduled Job Start: frappe.email.queue.flush for drabiz.net
2021-12-03 03:18:47,725 INFO scheduler Scheduled Job Complete: frappe.email.queue.flush for drabiz.net
2021-12-03 03:18:47,805 INFO scheduler Scheduled Job Start: frappe.twofactor.delete_all_barcodes_for_users for drabiz.net
2021-12-03 03:18:48,197 INFO scheduler Scheduled Job Complete: frappe.twofactor.delete_all_barcodes_for_users for drabiz.net
2021-12-03 03:18:48,280 INFO scheduler Scheduled Job Start: frappe.website.doctype.web_page.web_page.check_publish_status for drabiz.net
2021-12-03 03:18:48,608 INFO scheduler Scheduled Job Complete: frappe.website.doctype.web_page.web_page.check_publish_status for drabiz.net
2021-12-03 03:18:48,685 INFO scheduler Scheduled Job Start: frappe.oauth.delete_oauth2_data for drabiz.net
2021-12-03 03:18:49,076 INFO scheduler Scheduled Job Complete: frappe.oauth.delete_oauth2_data for drabiz.net
2021-12-03 03:19:44,803 DEBUG scheduler Queued events for site drabiz.net
2021-12-03 03:20:45,123 INFO scheduler Scheduled Job Start: erpnext.crm.doctype.social_media_post.social_media_post.process_scheduled_social_media_posts for drabiz.net
2021-12-03 03:20:45,182 DEBUG scheduler Queued events for site drabiz.net
2021-12-03 03:20:45,412 INFO scheduler Scheduled Job Complete: erpnext.crm.doctype.social_media_post.social_media_post.process_scheduled_social_media_posts for drabiz.net
2021-12-03 03:20:45,493 INFO scheduler Scheduled Job Start: erpnext.hr.doctype.interview.interview.send_interview_reminder for drabiz.net
2021-12-03 03:20:45,736 INFO scheduler Scheduled Job Complete: erpnext.hr.doctype.interview.interview.send_interview_reminder for drabiz.net
2021-12-03 03:20:45,816 INFO scheduler Scheduled Job Start: erpnext.projects.doctype.project.project.project_status_update_reminder for drabiz.net
2021-12-03 03:20:46,177 INFO scheduler Scheduled Job Complete: erpnext.projects.doctype.project.project.project_status_update_reminder for drabiz.net
2021-12-03 03:20:46,251 INFO scheduler Scheduled Job Start: frappe.monitor.flush for drabiz.net
2021-12-03 03:20:46,442 INFO scheduler Scheduled Job Complete: frappe.monitor.flush for drabiz.net
2021-12-03 03:20:46,522 INFO scheduler Scheduled Job Start: frappe.utils.global_search.sync_global_search for drabiz.net
2021-12-03 03:20:46,737 INFO scheduler Scheduled Job Complete: frappe.utils.global_search.sync_global_search for drabiz.net
2021-12-03 03:20:46,820 INFO scheduler Scheduled Job Start: frappe.integrations.doctype.razorpay_settings.razorpay_settings.capture_payment for drabiz.net
2021-12-03 03:20:47,183 INFO scheduler Scheduled Job Complete: frappe.integrations.doctype.razorpay_settings.razorpay_settings.capture_payment for drabiz.net
2021-12-03 03:20:47,256 INFO scheduler Scheduled Job Start: frappe.email.doctype.email_account.email_account.notify_unreplied for drabiz.net
2021-12-03 03:20:47,494 INFO scheduler Scheduled Job Complete: frappe.email.doctype.email_account.email_account.notify_unreplied for drabiz.net
2021-12-03 03:20:47,574 INFO scheduler Scheduled Job Start: frappe.email.doctype.email_account.email_account.pull for drabiz.net
2021-12-03 03:20:47,859 INFO scheduler Scheduled Job Complete: frappe.email.doctype.email_account.email_account.pull for drabiz.net
2021-12-03 03:20:47,947 INFO scheduler Scheduled Job Start: frappe.email.queue.flush for drabiz.net
2021-12-03 03:20:48,193 INFO scheduler Scheduled Job Complete: frappe.email.queue.flush for drabiz.net
2021-12-03 03:21:45,671 DEBUG scheduler Queued events for site drabiz.net
2021-12-03 03:22:46,006 DEBUG scheduler Queued events for site drabiz.net
2021-12-03 03:23:46,305 DEBUG scheduler Queued events for site drabiz.net
2021-12-03 03:24:46,635 INFO scheduler Scheduled Job Start: erpnext.crm.doctype.social_media_post.social_media_post.process_scheduled_social_media_posts for drabiz.net
2021-12-03 03:24:46,672 DEBUG scheduler Queued events for site drabiz.net
2021-12-03 03:24:46,913 INFO scheduler Scheduled Job Complete: erpnext.crm.doctype.social_media_post.social_media_post.process_scheduled_social_media_posts for drabiz.net
2021-12-03 03:24:46,984 INFO scheduler Scheduled Job Start: erpnext.hr.doctype.interview.interview.send_interview_reminder for drabiz.net
2021-12-03 03:24:47,252 INFO scheduler Scheduled Job Complete: erpnext.hr.doctype.interview.interview.send_interview_reminder for drabiz.net
2021-12-03 03:24:47,330 INFO scheduler Scheduled Job Start: erpnext.projects.doctype.project.project.project_status_update_reminder for drabiz.net
2021-12-03 03:24:47,649 INFO scheduler Scheduled Job Complete: erpnext.projects.doctype.project.project.project_status_update_reminder for drabiz.net
2021-12-03 03:24:47,733 INFO scheduler Scheduled Job Start: frappe.monitor.flush for drabiz.net
2021-12-03 03:24:47,975 INFO scheduler Scheduled Job Complete: frappe.monitor.flush for drabiz.net
2021-12-03 03:24:48,062 INFO scheduler Scheduled Job Start: frappe.utils.global_search.sync_global_search for drabiz.net
2021-12-03 03:24:48,280 INFO scheduler Scheduled Job Complete: frappe.utils.global_search.sync_global_search for drabiz.net
2021-12-03 03:24:48,364 INFO scheduler Scheduled Job Start: frappe.integrations.doctype.razorpay_settings.razorpay_settings.capture_payment for drabiz.net
2021-12-03 03:24:48,711 INFO scheduler Scheduled Job Complete: frappe.integrations.doctype.razorpay_settings.razorpay_settings.capture_payment for drabiz.net
2021-12-03 03:24:48,786 INFO scheduler Scheduled Job Start: frappe.email.doctype.email_account.email_account.notify_unreplied for drabiz.net
2021-12-03 03:24:49,024 INFO scheduler Scheduled Job Complete: frappe.email.doctype.email_account.email_account.notify_unreplied for drabiz.net
2021-12-03 03:24:49,090 INFO scheduler Scheduled Job Start: frappe.email.doctype.email_account.email_account.pull for drabiz.net
2021-12-03 03:24:49,369 INFO scheduler Scheduled Job Complete: frappe.email.doctype.email_account.email_account.pull for drabiz.net
2021-12-03 03:24:49,439 INFO scheduler Scheduled Job Start: frappe.email.queue.flush for drabiz.net
2021-12-03 03:24:49,657 INFO scheduler Scheduled Job Complete: frappe.email.queue.flush for drabiz.net
2021-12-03 03:25:46,990 DEBUG scheduler Queued events for site drabiz.net
2021-12-03 03:26:47,328 DEBUG scheduler Queued events for site drabiz.net
2021-12-03 03:27:47,625 DEBUG scheduler Queued events for site drabiz.net
2021-12-03 03:28:48,106 INFO scheduler Scheduled Job Start: erpnext.crm.doctype.social_media_post.social_media_post.process_scheduled_social_media_posts for drabiz.net
2021-12-03 03:28:48,226 DEBUG scheduler Queued events for site drabiz.net
2021-12-03 03:28:48,534 INFO scheduler Scheduled Job Complete: erpnext.crm.doctype.social_media_post.social_media_post.process_scheduled_social_media_posts for drabiz.net
2021-12-03 03:28:48,620 INFO scheduler Scheduled Job Start: erpnext.hr.doctype.interview.interview.send_interview_reminder for drabiz.net
2021-12-03 03:28:49,040 INFO scheduler Scheduled Job Complete: erpnext.hr.doctype.interview.interview.send_interview_reminder for drabiz.net
2021-12-03 03:28:49,133 INFO scheduler Scheduled Job Start: erpnext.projects.doctype.project.project.project_status_update_reminder for drabiz.net
2021-12-03 03:28:49,571 INFO scheduler Scheduled Job Complete: erpnext.projects.doctype.project.project.project_status_update_reminder for drabiz.net
2021-12-03 03:28:49,684 INFO scheduler Scheduled Job Start: frappe.monitor.flush for drabiz.net
2021-12-03 03:28:49,903 INFO scheduler Scheduled Job Complete: frappe.monitor.flush for drabiz.net
2021-12-03 03:28:49,972 INFO scheduler Scheduled Job Start: frappe.utils.global_search.sync_global_search for drabiz.net
2021-12-03 03:28:50,227 INFO scheduler Scheduled Job Complete: frappe.utils.global_search.sync_global_search for drabiz.net
2021-12-03 03:28:50,307 INFO scheduler Scheduled Job Start: frappe.integrations.doctype.razorpay_settings.razorpay_settings.capture_payment for drabiz.net
2021-12-03 03:28:50,740 INFO scheduler Scheduled Job Complete: frappe.integrations.doctype.razorpay_settings.razorpay_settings.capture_payment for drabiz.net
2021-12-03 03:28:50,822 INFO scheduler Scheduled Job Start: frappe.email.doctype.email_account.email_account.notify_unreplied for drabiz.net
2021-12-03 03:28:51,172 INFO scheduler Scheduled Job Complete: frappe.email.doctype.email_account.email_account.notify_unreplied for drabiz.net
2021-12-03 03:28:51,270 INFO scheduler Scheduled Job Start: frappe.email.doctype.email_account.email_account.pull for drabiz.net
2021-12-03 03:28:51,583 INFO scheduler Scheduled Job Complete: frappe.email.doctype.email_account.email_account.pull for drabiz.net
2021-12-03 03:28:51,678 INFO scheduler Scheduled Job Start: frappe.email.queue.flush for drabiz.net
2021-12-03 03:28:51,944 INFO scheduler Scheduled Job Complete: frappe.email.queue.flush for drabiz.net
2021-12-03 03:29:48,576 DEBUG scheduler Queued events for site drabiz.net
2021-12-03 03:30:48,910 INFO scheduler Scheduled Job Start: erpnext.utilities.doctype.video.video.update_youtube_data for drabiz.net
2021-12-03 03:30:48,939 DEBUG scheduler Queued events for site drabiz.net
2021-12-03 03:30:49,411 INFO scheduler Scheduled Job Complete: erpnext.utilities.doctype.video.video.update_youtube_data for drabiz.net
2021-12-03 03:30:49,506 INFO scheduler Scheduled Job Start: frappe.twofactor.delete_all_barcodes_for_users for drabiz.net
2021-12-03 03:30:49,875 INFO scheduler Scheduled Job Complete: frappe.twofactor.delete_all_barcodes_for_users for drabiz.net
2021-12-03 03:30:49,958 INFO scheduler Scheduled Job Start: frappe.website.doctype.web_page.web_page.check_publish_status for drabiz.net
2021-12-03 03:30:50,318 INFO scheduler Scheduled Job Complete: frappe.website.doctype.web_page.web_page.check_publish_status for drabiz.net
2021-12-03 03:30:50,408 INFO scheduler Scheduled Job Start: frappe.oauth.delete_oauth2_data for drabiz.net
2021-12-03 03:30:50,782 INFO scheduler Scheduled Job Complete: frappe.oauth.delete_oauth2_data for drabiz.net
2021-12-03 03:31:49,259 DEBUG scheduler Queued events for site drabiz.net
2021-12-03 03:32:49,550 INFO scheduler Scheduled Job Start: erpnext.crm.doctype.social_media_post.social_media_post.process_scheduled_social_media_posts for drabiz.net
2021-12-03 03:32:49,616 DEBUG scheduler Queued events for site drabiz.net
2021-12-03 03:32:49,827 INFO scheduler Scheduled Job Complete: erpnext.crm.doctype.social_media_post.social_media_post.process_scheduled_social_media_posts for drabiz.net
2021-12-03 03:32:49,907 INFO scheduler Scheduled Job Start: erpnext.hr.doctype.interview.interview.send_interview_reminder for drabiz.net
2021-12-03 03:32:50,151 INFO scheduler Scheduled Job Complete: erpnext.hr.doctype.interview.interview.send_interview_reminder for drabiz.net
2021-12-03 03:32:50,231 INFO scheduler Scheduled Job Start: erpnext.projects.doctype.project.project.project_status_update_reminder for drabiz.net
2021-12-03 03:32:50,599 INFO scheduler Scheduled Job Complete: erpnext.projects.doctype.project.project.project_status_update_reminder for drabiz.net
2021-12-03 03:32:50,687 INFO scheduler Scheduled Job Start: frappe.monitor.flush for drabiz.net
2021-12-03 03:32:50,883 INFO scheduler Scheduled Job Complete: frappe.monitor.flush for drabiz.net
2021-12-03 03:32:50,956 INFO scheduler Scheduled Job Start: frappe.utils.global_search.sync_global_search for drabiz.net
2021-12-03 03:32:51,143 INFO scheduler Scheduled Job Complete: frappe.utils.global_search.sync_global_search for drabiz.net
2021-12-03 03:32:51,212 INFO scheduler Scheduled Job Start: frappe.integrations.doctype.razorpay_settings.razorpay_settings.capture_payment for drabiz.net
2021-12-03 03:32:51,508 INFO scheduler Scheduled Job Complete: frappe.integrations.doctype.razorpay_settings.razorpay_settings.capture_payment for drabiz.net
2021-12-03 03:32:51,574 INFO scheduler Scheduled Job Start: frappe.email.doctype.email_account.email_account.notify_unreplied for drabiz.net
2021-12-03 03:32:51,813 INFO scheduler Scheduled Job Complete: frappe.email.doctype.email_account.email_account.notify_unreplied for drabiz.net
2021-12-03 03:32:51,900 INFO scheduler Scheduled Job Start: frappe.email.doctype.email_account.email_account.pull for drabiz.net
2021-12-03 03:32:52,158 INFO scheduler Scheduled Job Complete: frappe.email.doctype.email_account.email_account.pull for drabiz.net
2021-12-03 03:32:52,241 INFO scheduler Scheduled Job Start: frappe.email.queue.flush for drabiz.net
2021-12-03 03:32:52,464 INFO scheduler Scheduled Job Complete: frappe.email.queue.flush for drabiz.net
2021-12-03 03:33:50,045 DEBUG scheduler Queued events for site drabiz.net
2021-12-03 03:34:50,364 DEBUG scheduler Queued events for site drabiz.net
2021-12-03 03:35:50,671 DEBUG scheduler Queued events for site drabiz.net
2021-12-03 03:36:51,051 INFO scheduler Scheduled Job Start: erpnext.crm.doctype.social_media_post.social_media_post.process_scheduled_social_media_posts for drabiz.net
2021-12-03 03:36:51,057 DEBUG scheduler Queued events for site drabiz.net
2021-12-03 03:36:51,438 INFO scheduler Scheduled Job Complete: erpnext.crm.doctype.social_media_post.social_media_post.process_scheduled_social_media_posts for drabiz.net
2021-12-03 03:36:51,515 INFO scheduler Scheduled Job Start: erpnext.hr.doctype.interview.interview.send_interview_reminder for drabiz.net
2021-12-03 03:36:51,792 INFO scheduler Scheduled Job Complete: erpnext.hr.doctype.interview.interview.send_interview_reminder for drabiz.net
2021-12-03 03:36:51,882 INFO scheduler Scheduled Job Start: erpnext.projects.doctype.project.project.project_status_update_reminder for drabiz.net
2021-12-03 03:36:52,421 INFO scheduler Scheduled Job Complete: erpnext.projects.doctype.project.project.project_status_update_reminder for drabiz.net
2021-12-03 03:36:52,515 INFO scheduler Scheduled Job Start: frappe.monitor.flush for drabiz.net
2021-12-03 03:36:52,730 INFO scheduler Scheduled Job Complete: frappe.monitor.flush for drabiz.net
2021-12-03 03:36:52,810 INFO scheduler Scheduled Job Start: frappe.utils.global_search.sync_global_search for drabiz.net
2021-12-03 03:36:53,011 INFO scheduler Scheduled Job Complete: frappe.utils.global_search.sync_global_search for drabiz.net
2021-12-03 03:36:53,090 INFO scheduler Scheduled Job Start: frappe.integrations.doctype.razorpay_settings.razorpay_settings.capture_payment for drabiz.net
2021-12-03 03:36:53,510 INFO scheduler Scheduled Job Complete: frappe.integrations.doctype.razorpay_settings.razorpay_settings.capture_payment for drabiz.net
2021-12-03 03:36:53,590 INFO scheduler Scheduled Job Start: frappe.email.doctype.email_account.email_account.notify_unreplied for drabiz.net
2021-12-03 03:36:53,876 INFO scheduler Scheduled Job Complete: frappe.email.doctype.email_account.email_account.notify_unreplied for drabiz.net
2021-12-03 03:36:53,956 INFO scheduler Scheduled Job Start: frappe.email.doctype.email_account.email_account.pull for drabiz.net
2021-12-03 03:36:54,235 INFO scheduler Scheduled Job Complete: frappe.email.doctype.email_account.email_account.pull for drabiz.net
2021-12-03 03:36:54,307 INFO scheduler Scheduled Job Start: frappe.email.queue.flush for drabiz.net
2021-12-03 03:36:54,567 INFO scheduler Scheduled Job Complete: frappe.email.queue.flush for drabiz.net
2021-12-03 03:37:51,386 DEBUG scheduler Queued events for site drabiz.net
2021-12-03 03:38:51,676 DEBUG scheduler Queued events for site drabiz.net
2021-12-03 03:39:51,968 DEBUG scheduler Queued events for site drabiz.net
2021-12-03 03:40:52,298 INFO scheduler Scheduled Job Start: erpnext.crm.doctype.social_media_post.social_media_post.process_scheduled_social_media_posts for drabiz.net
2021-12-03 03:40:52,452 DEBUG scheduler Queued events for site drabiz.net
2021-12-03 03:40:52,600 INFO scheduler Scheduled Job Complete: erpnext.crm.doctype.social_media_post.social_media_post.process_scheduled_social_media_posts for drabiz.net
2021-12-03 03:40:52,678 INFO scheduler Scheduled Job Start: erpnext.hr.doctype.interview.interview.send_interview_reminder for drabiz.net
2021-12-03 03:40:52,949 INFO scheduler Scheduled Job Complete: erpnext.hr.doctype.interview.interview.send_interview_reminder for drabiz.net
2021-12-03 03:40:53,038 INFO scheduler Scheduled Job Start: erpnext.projects.doctype.project.project.project_status_update_reminder for drabiz.net
2021-12-03 03:40:53,412 INFO scheduler Scheduled Job Complete: erpnext.projects.doctype.project.project.project_status_update_reminder for drabiz.net
2021-12-03 03:40:53,494 INFO scheduler Scheduled Job Start: frappe.monitor.flush for drabiz.net
2021-12-03 03:40:53,743 INFO scheduler Scheduled Job Complete: frappe.monitor.flush for drabiz.net
2021-12-03 03:40:53,833 INFO scheduler Scheduled Job Start: frappe.utils.global_search.sync_global_search for drabiz.net
2021-12-03 03:40:54,045 INFO scheduler Scheduled Job Complete: frappe.utils.global_search.sync_global_search for drabiz.net
2021-12-03 03:40:54,128 INFO scheduler Scheduled Job Start: frappe.integrations.doctype.razorpay_settings.razorpay_settings.capture_payment for drabiz.net
2021-12-03 03:40:54,484 INFO scheduler Scheduled Job Complete: frappe.integrations.doctype.razorpay_settings.razorpay_settings.capture_payment for drabiz.net
2021-12-03 03:40:54,575 INFO scheduler Scheduled Job Start: frappe.email.doctype.email_account.email_account.notify_unreplied for drabiz.net
2021-12-03 03:40:54,830 INFO scheduler Scheduled Job Complete: frappe.email.doctype.email_account.email_account.notify_unreplied for drabiz.net
2021-12-03 03:40:54,935 INFO scheduler Scheduled Job Start: frappe.email.doctype.email_account.email_account.pull for drabiz.net
2021-12-03 03:40:55,270 INFO scheduler Scheduled Job Complete: frappe.email.doctype.email_account.email_account.pull for drabiz.net
2021-12-03 03:40:55,345 INFO scheduler Scheduled Job Start: frappe.email.queue.flush for drabiz.net
2021-12-03 03:40:55,597 INFO scheduler Scheduled Job Complete: frappe.email.queue.flush for drabiz.net
2021-12-03 03:41:52,791 DEBUG scheduler Queued events for site drabiz.net
2021-12-03 03:42:53,056 DEBUG scheduler Queued events for site drabiz.net
2021-12-03 03:43:53,352 DEBUG scheduler Queued events for site drabiz.net
2021-12-03 03:44:53,686 INFO scheduler Scheduled Job Start: erpnext.crm.doctype.social_media_post.social_media_post.process_scheduled_social_media_posts for drabiz.net
2021-12-03 03:44:53,768 DEBUG scheduler Queued events for site drabiz.net
2021-12-03 03:44:53,940 INFO scheduler Scheduled Job Complete: erpnext.crm.doctype.social_media_post.social_media_post.process_scheduled_social_media_posts for drabiz.net
2021-12-03 03:44:54,024 INFO scheduler Scheduled Job Start: erpnext.hr.doctype.interview.interview.send_interview_reminder for drabiz.net
2021-12-03 03:44:54,301 INFO scheduler Scheduled Job Complete: erpnext.hr.doctype.interview.interview.send_interview_reminder for drabiz.net
2021-12-03 03:44:54,375 INFO scheduler Scheduled Job Start: erpnext.projects.doctype.project.project.project_status_update_reminder for drabiz.net
2021-12-03 03:44:54,758 INFO scheduler Scheduled Job Complete: erpnext.projects.doctype.project.project.project_status_update_reminder for drabiz.net
2021-12-03 03:44:54,844 INFO scheduler Scheduled Job Start: frappe.monitor.flush for drabiz.net
2021-12-03 03:44:55,031 INFO scheduler Scheduled Job Complete: frappe.monitor.flush for drabiz.net
2021-12-03 03:44:55,100 INFO scheduler Scheduled Job Start: frappe.utils.global_search.sync_global_search for drabiz.net
2021-12-03 03:44:55,306 INFO scheduler Scheduled Job Complete: frappe.utils.global_search.sync_global_search for drabiz.net
2021-12-03 03:44:55,410 INFO scheduler Scheduled Job Start: frappe.integrations.doctype.razorpay_settings.razorpay_settings.capture_payment for drabiz.net
2021-12-03 03:44:55,776 INFO scheduler Scheduled Job Complete: frappe.integrations.doctype.razorpay_settings.razorpay_settings.capture_payment for drabiz.net
2021-12-03 03:44:55,860 INFO scheduler Scheduled Job Start: frappe.email.doctype.email_account.email_account.notify_unreplied for drabiz.net
2021-12-03 03:44:56,147 INFO scheduler Scheduled Job Complete: frappe.email.doctype.email_account.email_account.notify_unreplied for drabiz.net
2021-12-03 03:44:56,230 INFO scheduler Scheduled Job Start: frappe.email.doctype.email_account.email_account.pull for drabiz.net
2021-12-03 03:44:56,498 INFO scheduler Scheduled Job Complete: frappe.email.doctype.email_account.email_account.pull for drabiz.net
2021-12-03 03:44:56,592 INFO scheduler Scheduled Job Start: frappe.email.queue.flush for drabiz.net
2021-12-03 03:44:56,863 INFO scheduler Scheduled Job Complete: frappe.email.queue.flush for drabiz.net
2021-12-03 03:45:54,089 DEBUG scheduler Queued events for site drabiz.net
2021-12-03 03:45:54,123 INFO scheduler Scheduled Job Start: frappe.twofactor.delete_all_barcodes_for_users for drabiz.net
2021-12-03 03:45:54,522 INFO scheduler Scheduled Job Complete: frappe.twofactor.delete_all_barcodes_for_users for drabiz.net
2021-12-03 03:45:54,596 INFO scheduler Scheduled Job Start: frappe.website.doctype.web_page.web_page.check_publish_status for drabiz.net
2021-12-03 03:45:54,928 INFO scheduler Scheduled Job Complete: frappe.website.doctype.web_page.web_page.check_publish_status for drabiz.net
2021-12-03 03:45:55,012 INFO scheduler Scheduled Job Start: frappe.oauth.delete_oauth2_data for drabiz.net
2021-12-03 03:45:55,308 INFO scheduler Scheduled Job Complete: frappe.oauth.delete_oauth2_data for drabiz.net
2021-12-03 03:46:54,386 DEBUG scheduler Queued events for site drabiz.net
2021-12-03 03:47:54,717 DEBUG scheduler Queued events for site drabiz.net
2021-12-03 03:48:55,022 INFO scheduler Scheduled Job Start: erpnext.crm.doctype.social_media_post.social_media_post.process_scheduled_social_media_posts for drabiz.net
2021-12-03 03:48:55,109 DEBUG scheduler Queued events for site drabiz.net
2021-12-03 03:48:55,293 INFO scheduler Scheduled Job Complete: erpnext.crm.doctype.social_media_post.social_media_post.process_scheduled_social_media_posts for drabiz.net
2021-12-03 03:48:55,391 INFO scheduler Scheduled Job Start: erpnext.hr.doctype.interview.interview.send_interview_reminder for drabiz.net
2021-12-03 03:48:55,645 INFO scheduler Scheduled Job Complete: erpnext.hr.doctype.interview.interview.send_interview_reminder for drabiz.net
2021-12-03 03:48:55,718 INFO scheduler Scheduled Job Start: erpnext.projects.doctype.project.project.project_status_update_reminder for drabiz.net
2021-12-03 03:48:56,083 INFO scheduler Scheduled Job Complete: erpnext.projects.doctype.project.project.project_status_update_reminder for drabiz.net
2021-12-03 03:48:56,161 INFO scheduler Scheduled Job Start: frappe.monitor.flush for drabiz.net
2021-12-03 03:48:56,383 INFO scheduler Scheduled Job Complete: frappe.monitor.flush for drabiz.net
2021-12-03 03:48:56,462 INFO scheduler Scheduled Job Start: frappe.utils.global_search.sync_global_search for drabiz.net
2021-12-03 03:48:56,696 INFO scheduler Scheduled Job Complete: frappe.utils.global_search.sync_global_search for drabiz.net
2021-12-03 03:48:56,767 INFO scheduler Scheduled Job Start: frappe.integrations.doctype.razorpay_settings.razorpay_settings.capture_payment for drabiz.net
2021-12-03 03:48:57,063 INFO scheduler Scheduled Job Complete: frappe.integrations.doctype.razorpay_settings.razorpay_settings.capture_payment for drabiz.net
2021-12-03 03:48:57,130 INFO scheduler Scheduled Job Start: frappe.email.doctype.email_account.email_account.notify_unreplied for drabiz.net
2021-12-03 03:48:57,368 INFO scheduler Scheduled Job Complete: frappe.email.doctype.email_account.email_account.notify_unreplied for drabiz.net
2021-12-03 03:48:57,449 INFO scheduler Scheduled Job Start: frappe.email.doctype.email_account.email_account.pull for drabiz.net
2021-12-03 03:48:57,717 INFO scheduler Scheduled Job Complete: frappe.email.doctype.email_account.email_account.pull for drabiz.net
2021-12-03 03:48:57,794 INFO scheduler Scheduled Job Start: frappe.email.queue.flush for drabiz.net
2021-12-03 03:48:58,045 INFO scheduler Scheduled Job Complete: frappe.email.queue.flush for drabiz.net
2021-12-03 03:49:55,395 DEBUG scheduler Queued events for site drabiz.net
